#
# There is insufficient memory for the Java Runtime Environment to continue.
# Native memory allocation (mmap) failed to map 65536 bytes for Failed to commit metaspace.
# Possible reasons:
#   The system is out of physical RAM or swap space
#   The process is running with CompressedOops enabled, and the Java Heap may be blocking the growth of the native heap
# Possible solutions:
#   Reduce memory load on the system
#   Increase physical memory or swap space
#   Check if swap backing store is full
#   Decrease Java heap size (-Xmx/-Xms)
#   Decrease number of Java threads
#   Decrease Java thread stack sizes (-Xss)
#   Set larger code cache with -XX:ReservedCodeCacheSize=
#   JVM is running with Unscaled Compressed Oops mode in which the Java heap is
#     placed in the first 4GB address space. The Java Heap base address is the
#     maximum limit for the native heap growth. Please use -XX:HeapBaseMinAddress
#     to set the Java Heap base and to place the Java Heap above 4GB virtual address.
# This output file may be truncated or incomplete.
#
#  Out of Memory Error (virtualSpaceNode.cpp:108), pid=15540, tid=20392
#
# JRE version: OpenJDK Runtime Environment (16.0.1+9) (build 16.0.1+9-24)
# Java VM: OpenJDK 64-Bit Server VM (16.0.1+9-24, mixed mode, tiered, compressed oops, compressed class ptrs, g1 gc, windows-amd64)
# No core dump will be written. Minidumps are not enabled by default on client versions of Windows
#

---------------  S U M M A R Y ------------

Command Line: -XX:+ShowCodeDetailsInExceptionMessages -agentlib:jdwp=transport=dt_socket,suspend=y,address=localhost:59955 -javaagent:C:\Users\hyeon\Desktop\국비7월\Java\eclipse\configuration\org.eclipse.osgi\415\0\.cp\lib\javaagent-shaded.jar -Dfile.encoding=MS949 --module-path=C:\Users\hyeon\Desktop\국비7월\Java\java-workspace\day09_method\bin -Djdk.module.main=day09_method day09_method/day09_method.Ex05

Host: Intel(R) Core(TM) i3-7020U CPU @ 2.30GHz, 4 cores, 3G,  Windows 10 , 64 bit Build 19041 (10.0.19041.1023)
Time: Wed Aug  4 12:48:01 2021  Windows 10 , 64 bit Build 19041 (10.0.19041.1023) elapsed time: 20.845141 seconds (0d 0h 0m 20s)

---------------  T H R E A D  ---------------

Current thread (0x0000019360d1aca0):  JavaThread "main" [_thread_in_vm, id=20392, stack(0x0000005cd5c00000,0x0000005cd5d00000)]

Stack: [0x0000005cd5c00000,0x0000005cd5d00000]
Native frames: (J=compiled Java code, j=interpreted, Vv=VM code, C=native code)
V  [jvm.dll+0x6687ca]
V  [jvm.dll+0x7ca3c9]
V  [jvm.dll+0x7cbb53]
V  [jvm.dll+0x7cc1b3]
V  [jvm.dll+0x242ea5]
V  [jvm.dll+0x7c6a4b]
V  [jvm.dll+0x60e436]
V  [jvm.dll+0x60e49a]
V  [jvm.dll+0x610aca]
V  [jvm.dll+0x60ed31]
V  [jvm.dll+0x238690]
V  [jvm.dll+0x1ea53f]
V  [jvm.dll+0x1df8a1]
V  [jvm.dll+0x536728]
V  [jvm.dll+0x1f0fa2]
V  [jvm.dll+0x741e03]
V  [jvm.dll+0x7436a8]
V  [jvm.dll+0x7439d3]
V  [jvm.dll+0x23ad74]
V  [jvm.dll+0x375b71]
C  0x0000019365a8874e

Java frames: (J=compiled Java code, j=interpreted, Vv=VM code)
j  sun.security.provider.Sun.<init>()V+13 java.base@16.0.1
j  sun.security.jca.ProviderConfig.getProvider()Ljava/security/Provider;+48 java.base@16.0.1
j  sun.security.jca.ProviderList.getProvider(I)Ljava/security/Provider;+6 java.base@16.0.1
j  sun.security.jca.ProviderList.getIndex(Ljava/lang/String;)I+13 java.base@16.0.1
j  sun.security.jca.ProviderList.getProviderConfig(Ljava/lang/String;)Lsun/security/jca/ProviderConfig;+2 java.base@16.0.1
j  sun.security.jca.ProviderList.getProvider(Ljava/lang/String;)Ljava/security/Provider;+2 java.base@16.0.1
j  sun.security.jca.Providers.startJarVerification()Ljava/lang/Object;+15 java.base@16.0.1
j  sun.security.util.SignatureFileVerifier.<init>(Ljava/util/ArrayList;Lsun/security/util/ManifestDigester;Ljava/lang/String;[B)V+28 java.base@16.0.1
j  java.util.jar.JarVerifier.processEntry(Lsun/security/util/ManifestEntryVerifier;)V+311 java.base@16.0.1
j  java.util.jar.JarVerifier.update(I[BIILsun/security/util/ManifestEntryVerifier;)V+39 java.base@16.0.1
j  java.util.jar.JarFile.initializeVerifier()V+157 java.base@16.0.1
j  java.util.jar.JarFile.ensureInitialization()V+41 java.base@16.0.1
j  java.util.jar.JavaUtilJarAccessImpl.ensureInitialization(Ljava/util/jar/JarFile;)V+1 java.base@16.0.1
j  jdk.internal.loader.URLClassPath$JarLoader$2.getManifest()Ljava/util/jar/Manifest;+10 java.base@16.0.1
j  jdk.internal.loader.BuiltinClassLoader.defineClass(Ljava/lang/String;Ljdk/internal/loader/Resource;)Ljava/lang/Class;+29 java.base@16.0.1
j  jdk.internal.loader.BuiltinClassLoader.findClassOnClassPathOrNull(Ljava/lang/String;)Ljava/lang/Class;+37 java.base@16.0.1
j  jdk.internal.loader.BuiltinClassLoader.loadClassOrNull(Ljava/lang/String;Z)Ljava/lang/Class;+111 java.base@16.0.1
j  jdk.internal.loader.BuiltinClassLoader.loadClass(Ljava/lang/String;Z)Ljava/lang/Class;+3 java.base@16.0.1
j  jdk.internal.loader.ClassLoaders$AppClassLoader.loadClass(Ljava/lang/String;Z)Ljava/lang/Class;+36 java.base@16.0.1
j  java.lang.ClassLoader.loadClass(Ljava/lang/String;)Ljava/lang/Class;+3 java.base@16.0.1
j  sun.instrument.InstrumentationImpl.loadClassAndStartAgent(Ljava/lang/String;Ljava/lang/String;Ljava/lang/String;)V+8 java.instrument@16.0.1
j  sun.instrument.InstrumentationImpl.loadClassAndCallPremain(Ljava/lang/String;Ljava/lang/String;)V+6 java.instrument@16.0.1
v  ~StubRoutines::call_stub

---------------  P R O C E S S  ---------------

Threads class SMR info:
_java_thread_list=0x000001937aab42b0, length=14, elements={
0x0000019360d1aca0, 0x0000019379bc6250, 0x0000019379bc76e0, 0x0000019379be67b0,
0x0000019379bfa9b0, 0x0000019379bfb4c0, 0x0000019379bfbec0, 0x0000019379bfcbf0,
0x0000019379c5c9d0, 0x000001937a839ba0, 0x000001937a87a160, 0x000001937aaf97f0,
0x000001937aab8590, 0x000001937aab8ad0
}
_to_delete_list=0x000001937aab40d0, length=13, elements={
0x0000019360d1aca0, 0x0000019379bc6250, 0x0000019379bc76e0, 0x0000019379be67b0,
0x0000019379bfa9b0, 0x0000019379bfb4c0, 0x0000019379bfbec0, 0x0000019379bfcbf0,
0x0000019379c5c9d0, 0x000001937a839ba0, 0x000001937a87a160, 0x000001937aaf97f0,
0x000001937aab8590
}

Java Threads: ( => current thread )
=>0x0000019360d1aca0 JavaThread "main" [_thread_in_vm, id=20392, stack(0x0000005cd5c00000,0x0000005cd5d00000)]
  0x0000019379bc6250 JavaThread "Reference Handler" daemon [_thread_blocked, id=19480, stack(0x0000005cd6300000,0x0000005cd6400000)]
  0x0000019379bc76e0 JavaThread "Finalizer" daemon [_thread_blocked, id=19440, stack(0x0000005cd6400000,0x0000005cd6500000)]
  0x0000019379be67b0 JavaThread "Signal Dispatcher" daemon [_thread_blocked, id=19524, stack(0x0000005cd6500000,0x0000005cd6600000)]
  0x0000019379bfa9b0 JavaThread "Attach Listener" daemon [_thread_blocked, id=21164, stack(0x0000005cd6600000,0x0000005cd6700000)]
  0x0000019379bfb4c0 JavaThread "Service Thread" daemon [_thread_blocked, id=19184, stack(0x0000005cd6700000,0x0000005cd6800000)]
  0x0000019379bfbec0 JavaThread "Monitor Deflation Thread" daemon [_thread_blocked, id=12260, stack(0x0000005cd6800000,0x0000005cd6900000)]
  0x0000019379bfcbf0 JavaThread "C2 CompilerThread0" daemon [_thread_blocked, id=20404, stack(0x0000005cd6900000,0x0000005cd6a00000)]
  0x0000019379c5c9d0 JavaThread "C1 CompilerThread0" daemon [_thread_blocked, id=9460, stack(0x0000005cd6a00000,0x0000005cd6b00000)]
  0x000001937a839ba0 JavaThread "Sweeper thread" daemon [_thread_blocked, id=20416, stack(0x0000005cd6b00000,0x0000005cd6c00000)]
  0x000001937a87a160 JavaThread "Common-Cleaner" daemon [_thread_blocked, id=18688, stack(0x0000005cd6c00000,0x0000005cd6d00000)]
  0x000001937aaf97f0 JavaThread "JDWP Transport Listener: dt_socket" daemon [_thread_blocked, id=5444, stack(0x0000005cd6d00000,0x0000005cd6e00000)]
  0x000001937aab8590 JavaThread "JDWP Event Helper Thread" daemon [_thread_blocked, id=13796, stack(0x0000005cd6e00000,0x0000005cd6f00000)]
  0x000001937aab8ad0 JavaThread "JDWP Command Reader" daemon [_thread_in_native, id=10996, stack(0x0000005cd6f00000,0x0000005cd7000000)]

Other Threads:
  0x0000019379bb1b40 VMThread "VM Thread" [stack: 0x0000005cd6200000,0x0000005cd6300000] [id=18788] _threads_hazard_ptr=0x000001937aab42b0
  0x0000019360d47cb0 GCTaskThread "GC Thread#0" [stack: 0x0000005cd5d00000,0x0000005cd5e00000] [id=18308]
  0x0000019360d50b70 ConcurrentGCThread "G1 Main Marker" [stack: 0x0000005cd5e00000,0x0000005cd5f00000] [id=6408]
  0x0000019360d51660 ConcurrentGCThread "G1 Conc#0" [stack: 0x0000005cd5f00000,0x0000005cd6000000] [id=19896]
  0x0000019360da0f30 ConcurrentGCThread "G1 Refine#0" [stack: 0x0000005cd6000000,0x0000005cd6100000] [id=20732]
  0x0000019360da1a30 ConcurrentGCThread "G1 Service" [stack: 0x0000005cd6100000,0x0000005cd6200000] [id=20828]

Threads with active compile tasks:

VM state: synchronizing (normal execution)

VM Mutex/Monitor currently owned by a thread:  ([mutex/lock_event])
[0x0000019360d14860] MetaspaceExpand_lock - owner thread: 0x0000019360d1aca0
[0x0000019360d156c0] Threads_lock - owner thread: 0x0000019379bb1b40

Heap address: 0x00000000c1400000, size: 1004 MB, Compressed Oops mode: 32-bit

CDS disabled.
Compressed class space mapped at: 0x0000000100000000-0x0000000140000000, reserved size: 1073741824
Narrow klass base: 0x0000000000000000, Narrow klass shift: 3, Narrow klass range: 0x140000000

GC Precious Log:
 CPUs: 4 total, 4 available
 Memory: 4010M
 Large Page Support: Disabled
 NUMA Support: Disabled
 Compressed Oops: Enabled (32-bit)
 Heap Region Size: 1M
 Heap Min Capacity: 8M
 Heap Initial Capacity: 64M
 Heap Max Capacity: 1004M
 Pre-touch: Disabled
 Parallel Workers: 4
 Concurrent Workers: 1
 Concurrent Refinement Workers: 4
 Periodic GC: Disabled

Heap:
 garbage-first heap   total 65536K, used 2048K [0x00000000c1400000, 0x0000000100000000)
  region size 1024K, 3 young (3072K), 0 survivors (0K)
 Metaspace       used 6851K, committed 6912K, reserved 1056768K
  class space    used 585K, committed 640K, reserved 1048576K

Heap Regions: E=young(eden), S=young(survivor), O=old, HS=humongous(starts), HC=humongous(continues), CS=collection set, F=free, OA=open archive, CA=closed archive, TAMS=top-at-mark-start (previous, next)
|   0|0x00000000c1400000, 0x00000000c1400000, 0x00000000c1500000|  0%| F|  |TAMS 0x00000000c1400000, 0x00000000c1400000| Untracked 
|   1|0x00000000c1500000, 0x00000000c1500000, 0x00000000c1600000|  0%| F|  |TAMS 0x00000000c1500000, 0x00000000c1500000| Untracked 
|   2|0x00000000c1600000, 0x00000000c1600000, 0x00000000c1700000|  0%| F|  |TAMS 0x00000000c1600000, 0x00000000c1600000| Untracked 
|   3|0x00000000c1700000, 0x00000000c1700000, 0x00000000c1800000|  0%| F|  |TAMS 0x00000000c1700000, 0x00000000c1700000| Untracked 
|   4|0x00000000c1800000, 0x00000000c1800000, 0x00000000c1900000|  0%| F|  |TAMS 0x00000000c1800000, 0x00000000c1800000| Untracked 
|   5|0x00000000c1900000, 0x00000000c1900000, 0x00000000c1a00000|  0%| F|  |TAMS 0x00000000c1900000, 0x00000000c1900000| Untracked 
|   6|0x00000000c1a00000, 0x00000000c1a00000, 0x00000000c1b00000|  0%| F|  |TAMS 0x00000000c1a00000, 0x00000000c1a00000| Untracked 
|   7|0x00000000c1b00000, 0x00000000c1b00000, 0x00000000c1c00000|  0%| F|  |TAMS 0x00000000c1b00000, 0x00000000c1b00000| Untracked 
|   8|0x00000000c1c00000, 0x00000000c1c00000, 0x00000000c1d00000|  0%| F|  |TAMS 0x00000000c1c00000, 0x00000000c1c00000| Untracked 
|   9|0x00000000c1d00000, 0x00000000c1d00000, 0x00000000c1e00000|  0%| F|  |TAMS 0x00000000c1d00000, 0x00000000c1d00000| Untracked 
|  10|0x00000000c1e00000, 0x00000000c1e00000, 0x00000000c1f00000|  0%| F|  |TAMS 0x00000000c1e00000, 0x00000000c1e00000| Untracked 
|  11|0x00000000c1f00000, 0x00000000c1f00000, 0x00000000c2000000|  0%| F|  |TAMS 0x00000000c1f00000, 0x00000000c1f00000| Untracked 
|  12|0x00000000c2000000, 0x00000000c2000000, 0x00000000c2100000|  0%| F|  |TAMS 0x00000000c2000000, 0x00000000c2000000| Untracked 
|  13|0x00000000c2100000, 0x00000000c2100000, 0x00000000c2200000|  0%| F|  |TAMS 0x00000000c2100000, 0x00000000c2100000| Untracked 
|  14|0x00000000c2200000, 0x00000000c2200000, 0x00000000c2300000|  0%| F|  |TAMS 0x00000000c2200000, 0x00000000c2200000| Untracked 
|  15|0x00000000c2300000, 0x00000000c2300000, 0x00000000c2400000|  0%| F|  |TAMS 0x00000000c2300000, 0x00000000c2300000| Untracked 
|  16|0x00000000c2400000, 0x00000000c2400000, 0x00000000c2500000|  0%| F|  |TAMS 0x00000000c2400000, 0x00000000c2400000| Untracked 
|  17|0x00000000c2500000, 0x00000000c2500000, 0x00000000c2600000|  0%| F|  |TAMS 0x00000000c2500000, 0x00000000c2500000| Untracked 
|  18|0x00000000c2600000, 0x00000000c2600000, 0x00000000c2700000|  0%| F|  |TAMS 0x00000000c2600000, 0x00000000c2600000| Untracked 
|  19|0x00000000c2700000, 0x00000000c2700000, 0x00000000c2800000|  0%| F|  |TAMS 0x00000000c2700000, 0x00000000c2700000| Untracked 
|  20|0x00000000c2800000, 0x00000000c2800000, 0x00000000c2900000|  0%| F|  |TAMS 0x00000000c2800000, 0x00000000c2800000| Untracked 
|  21|0x00000000c2900000, 0x00000000c2900000, 0x00000000c2a00000|  0%| F|  |TAMS 0x00000000c2900000, 0x00000000c2900000| Untracked 
|  22|0x00000000c2a00000, 0x00000000c2a00000, 0x00000000c2b00000|  0%| F|  |TAMS 0x00000000c2a00000, 0x00000000c2a00000| Untracked 
|  23|0x00000000c2b00000, 0x00000000c2b00000, 0x00000000c2c00000|  0%| F|  |TAMS 0x00000000c2b00000, 0x00000000c2b00000| Untracked 
|  24|0x00000000c2c00000, 0x00000000c2c00000, 0x00000000c2d00000|  0%| F|  |TAMS 0x00000000c2c00000, 0x00000000c2c00000| Untracked 
|  25|0x00000000c2d00000, 0x00000000c2d00000, 0x00000000c2e00000|  0%| F|  |TAMS 0x00000000c2d00000, 0x00000000c2d00000| Untracked 
|  26|0x00000000c2e00000, 0x00000000c2e00000, 0x00000000c2f00000|  0%| F|  |TAMS 0x00000000c2e00000, 0x00000000c2e00000| Untracked 
|  27|0x00000000c2f00000, 0x00000000c2f00000, 0x00000000c3000000|  0%| F|  |TAMS 0x00000000c2f00000, 0x00000000c2f00000| Untracked 
|  28|0x00000000c3000000, 0x00000000c3000000, 0x00000000c3100000|  0%| F|  |TAMS 0x00000000c3000000, 0x00000000c3000000| Untracked 
|  29|0x00000000c3100000, 0x00000000c3100000, 0x00000000c3200000|  0%| F|  |TAMS 0x00000000c3100000, 0x00000000c3100000| Untracked 
|  30|0x00000000c3200000, 0x00000000c3200000, 0x00000000c3300000|  0%| F|  |TAMS 0x00000000c3200000, 0x00000000c3200000| Untracked 
|  31|0x00000000c3300000, 0x00000000c3300000, 0x00000000c3400000|  0%| F|  |TAMS 0x00000000c3300000, 0x00000000c3300000| Untracked 
|  32|0x00000000c3400000, 0x00000000c3400000, 0x00000000c3500000|  0%| F|  |TAMS 0x00000000c3400000, 0x00000000c3400000| Untracked 
|  33|0x00000000c3500000, 0x00000000c3500000, 0x00000000c3600000|  0%| F|  |TAMS 0x00000000c3500000, 0x00000000c3500000| Untracked 
|  34|0x00000000c3600000, 0x00000000c3600000, 0x00000000c3700000|  0%| F|  |TAMS 0x00000000c3600000, 0x00000000c3600000| Untracked 
|  35|0x00000000c3700000, 0x00000000c3700000, 0x00000000c3800000|  0%| F|  |TAMS 0x00000000c3700000, 0x00000000c3700000| Untracked 
|  36|0x00000000c3800000, 0x00000000c3800000, 0x00000000c3900000|  0%| F|  |TAMS 0x00000000c3800000, 0x00000000c3800000| Untracked 
|  37|0x00000000c3900000, 0x00000000c3900000, 0x00000000c3a00000|  0%| F|  |TAMS 0x00000000c3900000, 0x00000000c3900000| Untracked 
|  38|0x00000000c3a00000, 0x00000000c3a00000, 0x00000000c3b00000|  0%| F|  |TAMS 0x00000000c3a00000, 0x00000000c3a00000| Untracked 
|  39|0x00000000c3b00000, 0x00000000c3b00000, 0x00000000c3c00000|  0%| F|  |TAMS 0x00000000c3b00000, 0x00000000c3b00000| Untracked 
|  40|0x00000000c3c00000, 0x00000000c3c00000, 0x00000000c3d00000|  0%| F|  |TAMS 0x00000000c3c00000, 0x00000000c3c00000| Untracked 
|  41|0x00000000c3d00000, 0x00000000c3d00000, 0x00000000c3e00000|  0%| F|  |TAMS 0x00000000c3d00000, 0x00000000c3d00000| Untracked 
|  42|0x00000000c3e00000, 0x00000000c3e00000, 0x00000000c3f00000|  0%| F|  |TAMS 0x00000000c3e00000, 0x00000000c3e00000| Untracked 
|  43|0x00000000c3f00000, 0x00000000c3f00000, 0x00000000c4000000|  0%| F|  |TAMS 0x00000000c3f00000, 0x00000000c3f00000| Untracked 
|  44|0x00000000c4000000, 0x00000000c4000000, 0x00000000c4100000|  0%| F|  |TAMS 0x00000000c4000000, 0x00000000c4000000| Untracked 
|  45|0x00000000c4100000, 0x00000000c4100000, 0x00000000c4200000|  0%| F|  |TAMS 0x00000000c4100000, 0x00000000c4100000| Untracked 
|  46|0x00000000c4200000, 0x00000000c4200000, 0x00000000c4300000|  0%| F|  |TAMS 0x00000000c4200000, 0x00000000c4200000| Untracked 
|  47|0x00000000c4300000, 0x00000000c4300000, 0x00000000c4400000|  0%| F|  |TAMS 0x00000000c4300000, 0x00000000c4300000| Untracked 
|  48|0x00000000c4400000, 0x00000000c4400000, 0x00000000c4500000|  0%| F|  |TAMS 0x00000000c4400000, 0x00000000c4400000| Untracked 
|  49|0x00000000c4500000, 0x00000000c4500000, 0x00000000c4600000|  0%| F|  |TAMS 0x00000000c4500000, 0x00000000c4500000| Untracked 
|  50|0x00000000c4600000, 0x00000000c4600000, 0x00000000c4700000|  0%| F|  |TAMS 0x00000000c4600000, 0x00000000c4600000| Untracked 
|  51|0x00000000c4700000, 0x00000000c4700000, 0x00000000c4800000|  0%| F|  |TAMS 0x00000000c4700000, 0x00000000c4700000| Untracked 
|  52|0x00000000c4800000, 0x00000000c4800000, 0x00000000c4900000|  0%| F|  |TAMS 0x00000000c4800000, 0x00000000c4800000| Untracked 
|  53|0x00000000c4900000, 0x00000000c4900000, 0x00000000c4a00000|  0%| F|  |TAMS 0x00000000c4900000, 0x00000000c4900000| Untracked 
|  54|0x00000000c4a00000, 0x00000000c4a00000, 0x00000000c4b00000|  0%| F|  |TAMS 0x00000000c4a00000, 0x00000000c4a00000| Untracked 
|  55|0x00000000c4b00000, 0x00000000c4b00000, 0x00000000c4c00000|  0%| F|  |TAMS 0x00000000c4b00000, 0x00000000c4b00000| Untracked 
|  56|0x00000000c4c00000, 0x00000000c4c00000, 0x00000000c4d00000|  0%| F|  |TAMS 0x00000000c4c00000, 0x00000000c4c00000| Untracked 
|  57|0x00000000c4d00000, 0x00000000c4d00000, 0x00000000c4e00000|  0%| F|  |TAMS 0x00000000c4d00000, 0x00000000c4d00000| Untracked 
|  58|0x00000000c4e00000, 0x00000000c4e00000, 0x00000000c4f00000|  0%| F|  |TAMS 0x00000000c4e00000, 0x00000000c4e00000| Untracked 
|  59|0x00000000c4f00000, 0x00000000c4f00000, 0x00000000c5000000|  0%| F|  |TAMS 0x00000000c4f00000, 0x00000000c4f00000| Untracked 
|  60|0x00000000c5000000, 0x00000000c5000000, 0x00000000c5100000|  0%| F|  |TAMS 0x00000000c5000000, 0x00000000c5000000| Untracked 
|  61|0x00000000c5100000, 0x00000000c5146418, 0x00000000c5200000| 27%| E|  |TAMS 0x00000000c5100000, 0x00000000c5100000| Complete 
|  62|0x00000000c5200000, 0x00000000c5300000, 0x00000000c5300000|100%| E|CS|TAMS 0x00000000c5200000, 0x00000000c5200000| Complete 
|  63|0x00000000c5300000, 0x00000000c5400000, 0x00000000c5400000|100%| E|CS|TAMS 0x00000000c5300000, 0x00000000c5300000| Complete 

Card table byte_map: [0x0000019375290000,0x0000019375490000] _byte_map_base: 0x0000019374c86000

Marking Bits (Prev, Next): (CMBitMap*) 0x0000019360d483a0, (CMBitMap*) 0x0000019360d483e0
 Prev Bits: [0x0000019375690000, 0x0000019376640000)
 Next Bits: [0x0000019376640000, 0x00000193775f0000)

Polling page: 0x0000019360e00000

Metaspace:

Usage:
  Non-class:      6.12 MB used.
      Class:    585.22 KB used.
       Both:      6.69 MB used.

Virtual space:
  Non-class space:        8.00 MB reserved,       6.12 MB ( 77%) committed,  1 nodes.
      Class space:        1.00 GB reserved,     640.00 KB ( <1%) committed,  1 nodes.
              Both:        1.01 GB reserved,       6.75 MB ( <1%) committed. 

Chunk freelists:
   Non-Class:  1.00 MB
       Class:  3.25 MB
        Both:  4.25 MB

MaxMetaspaceSize: 17179869184.00 GB
CompressedClassSpaceSize: 1.00 GB
 - commit_granule_bytes: 65536.
 - commit_granule_words: 8192.
 - virtual_space_node_default_size: 1048576.
 - enlarge_chunks_in_place: 1.
 - new_chunks_are_fully_committed: 0.
 - uncommit_free_chunks: 1.
 - use_allocation_guard: 0.
 - handle_deallocations: 1.


Internal statistics:

num_allocs_failed_limit: 0.
num_arena_births: 8.
num_arena_deaths: 0.
num_vsnodes_births: 2.
num_vsnodes_deaths: 0.
num_space_committed: 108.
num_space_uncommitted: 0.
num_chunks_returned_to_freelist: 0.
num_chunks_taken_from_freelist: 26.
num_chunk_merges: 0.
num_chunk_splits: 8.
num_chunks_enlarged: 3.
num_purges: 0.

CodeHeap 'non-profiled nmethods': size=120000Kb used=59Kb max_used=59Kb free=119940Kb
 bounds [0x000001936d530000, 0x000001936d7a0000, 0x0000019374a60000]
CodeHeap 'profiled nmethods': size=120000Kb used=294Kb max_used=294Kb free=119705Kb
 bounds [0x0000019366000000, 0x0000019366270000, 0x000001936d530000]
CodeHeap 'non-nmethods': size=5760Kb used=1180Kb max_used=1194Kb free=4579Kb
 bounds [0x0000019365a60000, 0x0000019365cd0000, 0x0000019366000000]
 total_blobs=601 nmethods=221 adapters=293
 compilation: enabled
              stopped_count=0, restarted_count=0
 full_count=0

Compilation events (20 events):
Event: 18.182 Thread 0x0000019379c5c9d0 nmethod 209 0x000001936d53e490 code [0x000001936d53e620, 0x000001936d53e6f8]
Event: 18.183 Thread 0x0000019379c5c9d0  213       3       java.lang.System::getSecurityManager (12 bytes)
Event: 18.184 Thread 0x0000019379c5c9d0 nmethod 213 0x0000019366047890 code [0x0000019366047a40, 0x0000019366047bb8]
Event: 18.184 Thread 0x0000019379c5c9d0  214       3       java.lang.System::allowSecurityManager (13 bytes)
Event: 18.184 Thread 0x0000019379c5c9d0 nmethod 214 0x0000019366047c90 code [0x0000019366047e20, 0x0000019366047f38]
Event: 18.184 Thread 0x0000019379c5c9d0  215       3       java.lang.StringBuilder::toString (35 bytes)
Event: 18.184 Thread 0x0000019379c5c9d0 nmethod 215 0x0000019366047f90 code [0x0000019366048160, 0x0000019366048438]
Event: 18.185 Thread 0x0000019379bfcbf0  216       4       java.util.HashMap::newNode (13 bytes)
Event: 18.185 Thread 0x0000019379c5c9d0  217       3       java.lang.StringCoding$Result::with (12 bytes)
Event: 18.185 Thread 0x0000019379c5c9d0 nmethod 217 0x0000019366048510 code [0x00000193660486a0, 0x00000193660487f8]
Event: 18.186 Thread 0x0000019379bfcbf0 nmethod 216 0x000001936d53e790 code [0x000001936d53e920, 0x000001936d53ea38]
Event: 18.189 Thread 0x0000019379c5c9d0  218       3       java.lang.CharacterDataLatin1::toLowerCase (39 bytes)
Event: 18.189 Thread 0x0000019379c5c9d0 nmethod 218 0x0000019366048890 code [0x0000019366048a40, 0x0000019366048c98]
Event: 18.456 Thread 0x0000019379c5c9d0  219       3       java.lang.StringUTF16::compress (50 bytes)
Event: 18.456 Thread 0x0000019379c5c9d0 nmethod 219 0x0000019366048e10 code [0x0000019366048fc0, 0x0000019366049218]
Event: 18.458 Thread 0x0000019379c5c9d0  220       3       java.lang.StringBuilder::<init> (7 bytes)
Event: 18.458 Thread 0x0000019379c5c9d0 nmethod 220 0x0000019366049390 code [0x0000019366049540, 0x0000019366049688]
Event: 18.458 Thread 0x0000019379bfcbf0  221       4       java.lang.String::length (11 bytes)
Event: 18.459 Thread 0x0000019379bfcbf0 nmethod 221 0x000001936d53eb10 code [0x000001936d53eca0, 0x000001936d53ed58]
Event: 18.460 Thread 0x0000019379c5c9d0  222       3       java.util.AbstractMap::<init> (5 bytes)

GC Heap History (0 events):
No events

Deoptimization events (0 events):
No events

Classes unloaded (0 events):
No events

Classes redefined (0 events):
No events

Internal exceptions (1 events):
Event: 3.270 Thread 0x0000019360d1aca0 Exception <a 'java/lang/NoSuchMethodError'{0x00000000c522cd90}: 'void java.lang.invoke.DirectMethodHandle$Holder.invokeVirtual(java.lang.Object, java.lang.Object)'> (0x00000000c522cd90) 
thrown [t:\workspace\open\src\hotspot\share\interpreter\linkResolver.cpp, line 790]

Events (20 events):
Event: 18.193 loading class java/util/Properties$LineReader done
Event: 18.453 loading class java/util/concurrent/ConcurrentHashMap$ForwardingNode
Event: 18.453 loading class java/util/concurrent/ConcurrentHashMap$ForwardingNode done
Event: 18.458 loading class java/io/FileInputStream$1
Event: 18.458 loading class java/io/FileInputStream$1 done
Event: 18.458 loading class sun/security/provider/Sun
Event: 18.459 loading class sun/security/provider/Sun done
Event: 18.459 loading class sun/security/util/SecurityConstants
Event: 18.459 loading class sun/security/util/SecurityConstants done
Event: 18.459 loading class java/security/AllPermission
Event: 18.459 loading class java/security/AllPermission done
Event: 18.459 loading class java/net/NetPermission
Event: 18.459 loading class java/net/NetPermission done
Event: 18.459 loading class java/lang/RuntimePermission
Event: 18.459 loading class java/lang/RuntimePermission done
Event: 18.459 loading class java/security/SecurityPermission
Event: 18.460 loading class java/security/SecurityPermission done
Event: 18.460 loading class java/net/SocketPermission
Event: 18.460 loading class java/net/SocketPermission done
Event: 18.460 loading class sun/security/provider/SunEntries


Dynamic libraries:
0x00007ff711cd0000 - 0x00007ff711cde000 	C:\Users\hyeon\Desktop\국비7월\Java\eclipse\plugins\org.eclipse.justj.openjdk.hotspot.jre.full.win32.x86_64_16.0.1.v20210528-1205\jre\bin\javaw.exe
0x00007ffe61870000 - 0x00007ffe61a65000 	C:\WINDOWS\SYSTEM32\ntdll.dll
0x00007ffe60b10000 - 0x00007ffe60bcd000 	C:\WINDOWS\System32\KERNEL32.DLL
0x00007ffe5f280000 - 0x00007ffe5f549000 	C:\WINDOWS\System32\KERNELBASE.dll
0x00007ffe5efb0000 - 0x00007ffe5f0b0000 	C:\WINDOWS\System32\ucrtbase.dll
0x00007ffe24e40000 - 0x00007ffe24e59000 	C:\Users\hyeon\Desktop\국비7월\Java\eclipse\plugins\org.eclipse.justj.openjdk.hotspot.jre.full.win32.x86_64_16.0.1.v20210528-1205\jre\bin\VCRUNTIME140.dll
0x00007ffe3ac70000 - 0x00007ffe3ac88000 	C:\Users\hyeon\Desktop\국비7월\Java\eclipse\plugins\org.eclipse.justj.openjdk.hotspot.jre.full.win32.x86_64_16.0.1.v20210528-1205\jre\bin\jli.dll
0x00007ffe60130000 - 0x00007ffe602d0000 	C:\WINDOWS\System32\USER32.dll
0x00007ffe5f100000 - 0x00007ffe5f122000 	C:\WINDOWS\System32\win32u.dll
0x00007ffe60f90000 - 0x00007ffe60fba000 	C:\WINDOWS\System32\GDI32.dll
0x00007ffe5f5e0000 - 0x00007ffe5f6eb000 	C:\WINDOWS\System32\gdi32full.dll
0x00007ffe5f1e0000 - 0x00007ffe5f27d000 	C:\WINDOWS\System32\msvcp_win.dll
0x00007ffe496c0000 - 0x00007ffe4995a000 	C:\WINDOWS\WinSxS\amd64_microsoft.windows.common-controls_6595b64144ccf1df_6.0.19041.1110_none_60b5254171f9507e\COMCTL32.dll
0x00007ffe5ff40000 - 0x00007ffe5ffde000 	C:\WINDOWS\System32\msvcrt.dll
0x00007ffe5faf0000 - 0x00007ffe5fb20000 	C:\WINDOWS\System32\IMM32.DLL
0x00007ffe56f30000 - 0x00007ffe56f3c000 	C:\Users\hyeon\Desktop\국비7월\Java\eclipse\plugins\org.eclipse.justj.openjdk.hotspot.jre.full.win32.x86_64_16.0.1.v20210528-1205\jre\bin\vcruntime140_1.dll
0x00007ffe12f40000 - 0x00007ffe12fd1000 	C:\Users\hyeon\Desktop\국비7월\Java\eclipse\plugins\org.eclipse.justj.openjdk.hotspot.jre.full.win32.x86_64_16.0.1.v20210528-1205\jre\bin\msvcp140.dll
0x00007ffe10f00000 - 0x00007ffe11aab000 	C:\Users\hyeon\Desktop\국비7월\Java\eclipse\plugins\org.eclipse.justj.openjdk.hotspot.jre.full.win32.x86_64_16.0.1.v20210528-1205\jre\bin\server\jvm.dll
0x00007ffe60fc0000 - 0x00007ffe6106c000 	C:\WINDOWS\System32\ADVAPI32.dll
0x00007ffe5fb20000 - 0x00007ffe5fbbb000 	C:\WINDOWS\System32\sechost.dll
0x00007ffe60ce0000 - 0x00007ffe60e0a000 	C:\WINDOWS\System32\RPCRT4.dll
0x00007ffe60ea0000 - 0x00007ffe60ea8000 	C:\WINDOWS\System32\PSAPI.DLL
0x00007ffe41ed0000 - 0x00007ffe41ed9000 	C:\WINDOWS\SYSTEM32\WSOCK32.dll
0x00007ffe61070000 - 0x00007ffe610db000 	C:\WINDOWS\System32\WS2_32.dll
0x00007ffe44ba0000 - 0x00007ffe44bc7000 	C:\WINDOWS\SYSTEM32\WINMM.dll
0x00007ffe4dec0000 - 0x00007ffe4deca000 	C:\WINDOWS\SYSTEM32\VERSION.dll
0x00007ffe5d870000 - 0x00007ffe5d882000 	C:\WINDOWS\SYSTEM32\kernel.appcore.dll
0x00007ffe543a0000 - 0x00007ffe543aa000 	C:\Users\hyeon\Desktop\국비7월\Java\eclipse\plugins\org.eclipse.justj.openjdk.hotspot.jre.full.win32.x86_64_16.0.1.v20210528-1205\jre\bin\jimage.dll
0x00007ffe5d590000 - 0x00007ffe5d774000 	C:\WINDOWS\SYSTEM32\DBGHELP.DLL
0x00007ffe41860000 - 0x00007ffe4188c000 	C:\WINDOWS\SYSTEM32\dbgcore.DLL
0x00007ffe5f850000 - 0x00007ffe5f8d3000 	C:\WINDOWS\System32\bcryptPrimitives.dll
0x00007ffe3acb0000 - 0x00007ffe3aceb000 	C:\Users\hyeon\Desktop\국비7월\Java\eclipse\plugins\org.eclipse.justj.openjdk.hotspot.jre.full.win32.x86_64_16.0.1.v20210528-1205\jre\bin\jdwp.dll
0x00007ffe58f10000 - 0x00007ffe58f1e000 	C:\Users\hyeon\Desktop\국비7월\Java\eclipse\plugins\org.eclipse.justj.openjdk.hotspot.jre.full.win32.x86_64_16.0.1.v20210528-1205\jre\bin\instrument.dll
0x00007ffe3acf0000 - 0x00007ffe3ad15000 	C:\Users\hyeon\Desktop\국비7월\Java\eclipse\plugins\org.eclipse.justj.openjdk.hotspot.jre.full.win32.x86_64_16.0.1.v20210528-1205\jre\bin\java.dll
0x00007ffe48bc0000 - 0x00007ffe48bd8000 	C:\Users\hyeon\Desktop\국비7월\Java\eclipse\plugins\org.eclipse.justj.openjdk.hotspot.jre.full.win32.x86_64_16.0.1.v20210528-1205\jre\bin\zip.dll
0x00007ffe610f0000 - 0x00007ffe6182f000 	C:\WINDOWS\System32\SHELL32.dll
0x00007ffe5cd20000 - 0x00007ffe5d4b1000 	C:\WINDOWS\SYSTEM32\windows.storage.dll
0x00007ffe602e0000 - 0x00007ffe60635000 	C:\WINDOWS\System32\combase.dll
0x00007ffe5ea20000 - 0x00007ffe5ea4c000 	C:\WINDOWS\SYSTEM32\Wldp.dll
0x00007ffe5fbc0000 - 0x00007ffe5fc6e000 	C:\WINDOWS\System32\SHCORE.dll
0x00007ffe5fc90000 - 0x00007ffe5fce5000 	C:\WINDOWS\System32\shlwapi.dll
0x00007ffe5eef0000 - 0x00007ffe5ef0f000 	C:\WINDOWS\SYSTEM32\profapi.dll
0x00007ffe3dfb0000 - 0x00007ffe3dfc9000 	C:\Users\hyeon\Desktop\국비7월\Java\eclipse\plugins\org.eclipse.justj.openjdk.hotspot.jre.full.win32.x86_64_16.0.1.v20210528-1205\jre\bin\net.dll
0x00007ffe4a9d0000 - 0x00007ffe4aada000 	C:\WINDOWS\SYSTEM32\WINHTTP.dll
0x00007ffe5e780000 - 0x00007ffe5e7ea000 	C:\WINDOWS\system32\mswsock.dll
0x00007ffe24e60000 - 0x00007ffe24e73000 	C:\Users\hyeon\Desktop\국비7월\Java\eclipse\plugins\org.eclipse.justj.openjdk.hotspot.jre.full.win32.x86_64_16.0.1.v20210528-1205\jre\bin\nio.dll
0x00007ffe58e40000 - 0x00007ffe58e4c000 	C:\Users\hyeon\Desktop\국비7월\Java\eclipse\plugins\org.eclipse.justj.openjdk.hotspot.jre.full.win32.x86_64_16.0.1.v20210528-1205\jre\bin\dt_socket.dll
0x00007ffe5e400000 - 0x00007ffe5e43b000 	C:\WINDOWS\SYSTEM32\IPHLPAPI.DLL
0x00007ffe5e440000 - 0x00007ffe5e50c000 	C:\WINDOWS\SYSTEM32\DNSAPI.dll
0x00007ffe610e0000 - 0x00007ffe610e8000 	C:\WINDOWS\System32\NSI.dll
0x00007ffe4a8d0000 - 0x00007ffe4a8da000 	C:\Windows\System32\rasadhlp.dll
0x00007ffe4a8f0000 - 0x00007ffe4a96f000 	C:\WINDOWS\System32\fwpuclnt.dll
0x00007ffe5f5b0000 - 0x00007ffe5f5d7000 	C:\WINDOWS\System32\bcrypt.dll

dbghelp: loaded successfully - version: 4.0.5 - missing functions: none
symbol engine: initialized successfully - sym options: 0x614 - pdb path: .;C:\Users\hyeon\Desktop\국비7월\Java\eclipse\plugins\org.eclipse.justj.openjdk.hotspot.jre.full.win32.x86_64_16.0.1.v20210528-1205\jre\bin;C:\WINDOWS\SYSTEM32;C:\WINDOWS\WinSxS\amd64_microsoft.windows.common-controls_6595b64144ccf1df_6.0.19041.1110_none_60b5254171f9507e;C:\Users\hyeon\Desktop\국비7월\Java\eclipse\plugins\org.eclipse.justj.openjdk.hotspot.jre.full.win32.x86_64_16.0.1.v20210528-1205\jre\bin\;C:\Users\hyeon\Desktop\국비7월\Java\eclipse\plugins\org.eclipse.justj.openjdk.hotspot.jre.full.win32.x86_64_16.0.1.v20210528-1205\jre\b;C:\Users\hyeon\Desktop\국비7월\Java\eclipse\plugins\org.eclipse.justj.openjdk.hotspot.jre.full.win32.x86_64_16.0.1.v20210528-1205\jr;C:\Users\hyeon\Desktop\국비7월\Java\eclipse\plugins\org.eclipse.justj.openjdk.hotspot.jre.full.win32.x86_64_16.0.1.v20210528-1205;C:\Users\hyeon\Desktop\국비7월\Java\eclipse\plugins\org.eclipse.justj.openjdk.hotspot.jre.full.win32.x86_64_16.0.1.v20210528-1;C:\Users\hyeon\Desktop\국비7월\Java\eclipse\plugins\org.eclipse.justj.openjdk.hotspot.jre.full.win32.x86_64_16.0.1.v2021052

VM Arguments:
jvm_args: -XX:+ShowCodeDetailsInExceptionMessages -agentlib:jdwp=transport=dt_socket,suspend=y,address=localhost:59955 -javaagent:C:\Users\hyeon\Desktop\국비7월\Java\eclipse\configuration\org.eclipse.osgi\415\0\.cp\lib\javaagent-shaded.jar -Dfile.encoding=MS949 --module-path=C:\Users\hyeon\Desktop\국비7월\Java\java-workspace\day09_method\bin -Djdk.module.main=day09_method 
java_command: day09_method/day09_method.Ex05
java_class_path (initial): <not set>
Launcher Type: SUN_STANDARD

[Global flags]
     intx CICompilerCount                          = 3                                         {product} {ergonomic}
     uint ConcGCThreads                            = 1                                         {product} {ergonomic}
     uint G1ConcRefinementThreads                  = 4                                         {product} {ergonomic}
   size_t G1HeapRegionSize                         = 1048576                                   {product} {ergonomic}
    uintx GCDrainStackTargetSize                   = 64                                        {product} {ergonomic}
   size_t InitialHeapSize                          = 67108864                                  {product} {ergonomic}
   size_t MarkStackSize                            = 4194304                                   {product} {ergonomic}
   size_t MaxHeapSize                              = 1052770304                                {product} {ergonomic}
   size_t MaxNewSize                               = 631242752                                 {product} {ergonomic}
   size_t MinHeapDeltaBytes                        = 1048576                                   {product} {ergonomic}
   size_t MinHeapSize                              = 8388608                                   {product} {ergonomic}
    uintx NonNMethodCodeHeapSize                   = 5832780                                {pd product} {ergonomic}
    uintx NonProfiledCodeHeapSize                  = 122912730                              {pd product} {ergonomic}
    uintx ProfiledCodeHeapSize                     = 122912730                              {pd product} {ergonomic}
    uintx ReservedCodeCacheSize                    = 251658240                              {pd product} {ergonomic}
     bool SegmentedCodeCache                       = true                                      {product} {ergonomic}
     bool ShowCodeDetailsInExceptionMessages       = true                                   {manageable} {command line}
   size_t SoftMaxHeapSize                          = 1052770304                             {manageable} {ergonomic}
     bool UseCompressedClassPointers               = true                           {product lp64_product} {ergonomic}
     bool UseCompressedOops                        = true                           {product lp64_product} {ergonomic}
     bool UseG1GC                                  = true                                      {product} {ergonomic}
     bool UseLargePagesIndividualAllocation        = false                                  {pd product} {ergonomic}

Logging:
Log output configuration:
 #0: stdout all=warning uptime,level,tags
 #1: stderr all=off uptime,level,tags

Environment Variables:
PATH=C:\Users\hyeon\Desktop\국비7월\Java\eclipse\plugins\org.eclipse.justj.openjdk.hotspot.jre.full.win32.x86_64_16.0.1.v20210528-1205\jre\bin;C:/Users/hyeon/Desktop/국비7월/Java/eclipse//plugins/org.eclipse.justj.openjdk.hotspot.jre.full.win32.x86_64_16.0.1.v20210528-1205/jre/bin/server;C:/Users/hyeon/Desktop/국비7월/Java/eclipse//plugins/org.eclipse.justj.openjdk.hotspot.jre.full.win32.x86_64_16.0.1.v20210528-1205/jre/bin;C:\Program Files\Common Files\Oracle\Java\javapath;C:\oraclexe\app\oracle\product\11.2.0\server\bin;C:\Program Files (x86)\Intel\Intel(R) Management Engine Components\iCLS\;C:\Program Files\Intel\Intel(R) Management Engine Components\iCLS\;C:\WINDOWS\system32;C:\WINDOWS;C:\WINDOWS\System32\Wbem;C:\WINDOWS\System32\WindowsPowerShell\v1.0\;C:\WINDOWS\System32\OpenSSH\;C:\Program Files (x86)\Intel\Intel(R) Management Engine Components\DAL;C:\Program Files\Intel\Intel(R) Management Engine Components\DAL;C:\Program Files\Git\cmd;C:\Users\hyeon\AppData\Local\Microsoft\WindowsApps;C:\Program Files\Bandizip\;C:\Users\hyeon\Desktop\국비7월\Java\eclipse;
USERNAME=hyeon
OS=Windows_NT
PROCESSOR_IDENTIFIER=Intel64 Family 6 Model 142 Stepping 9, GenuineIntel



---------------  S Y S T E M  ---------------

OS:
 Windows 10 , 64 bit Build 19041 (10.0.19041.1023)
OS uptime: 0 days 21:48 hours

CPU: total 4 (initial active 4) (2 cores per cpu, 2 threads per core) family 6 model 142 stepping 9 microcode 0xb4, cx8, cmov, fxsr, ht, mmx, 3dnowpref, sse, sse2, sse3, ssse3, sse4.1, sse4.2, popcnt, lzcnt, tsc, tscinvbit, avx, avx2, aes, erms, clmul, bmi1, bmi2, adx, fma, vzeroupper, clflush, clflushopt

Memory: 4k page, system-wide physical 4010M (288M free)
TotalPageFile size 16298M (AvailPageFile size 658M)
current process WorkingSet (physical memory assigned to process): 37M, peak: 37M
current process commit charge ("private bytes"): 131M, peak: 131M

vm_info: OpenJDK 64-Bit Server VM (16.0.1+9-24) for windows-amd64 JRE (16.0.1+9-24), built on Mar 26 2021 19:30:07 by "mach5one" with MS VC++ 16.7 (VS2019)

END.
