#
# A fatal error has been detected by the Java Runtime Environment:
#
#  EXCEPTION_UNCAUGHT_CXX_EXCEPTION (0xe06d7363) at pc=0x00007ffe5f2b4ed9, pid=14556, tid=21000
#
# JRE version: OpenJDK Runtime Environment (16.0.1+9) (build 16.0.1+9-24)
# Java VM: OpenJDK 64-Bit Server VM (16.0.1+9-24, mixed mode, tiered, compressed oops, compressed class ptrs, g1 gc, windows-amd64)
# Problematic frame:
# C  [KERNELBASE.dll+0x34ed9]
#
# No core dump will be written. Minidumps are not enabled by default on client versions of Windows
#
# If you would like to submit a bug report, please visit:
#   https://bugreport.java.com/bugreport/crash.jsp
#

---------------  S U M M A R Y ------------

Command Line: -XX:+ShowCodeDetailsInExceptionMessages -agentlib:jdwp=transport=dt_socket,suspend=y,address=localhost:59947 -javaagent:C:\Users\hyeon\Desktop\국비7월\Java\eclipse\configuration\org.eclipse.osgi\415\0\.cp\lib\javaagent-shaded.jar -Dfile.encoding=MS949 --module-path=C:\Users\hyeon\Desktop\국비7월\Java\java-workspace\day09_method\bin -Djdk.module.main=day09_method day09_method/day09_method.Ex05

Host: Intel(R) Core(TM) i3-7020U CPU @ 2.30GHz, 4 cores, 3G,  Windows 10 , 64 bit Build 19041 (10.0.19041.1023)
Time: Wed Aug  4 12:48:01 2021  Windows 10 , 64 bit Build 19041 (10.0.19041.1023) elapsed time: 20.462296 seconds (0d 0h 0m 20s)

---------------  T H R E A D  ---------------

Current thread (0x0000020af1d5ef50):  JavaThread "main" [_thread_in_vm, id=21000, stack(0x0000009717b00000,0x0000009717c00000)]

Stack: [0x0000009717b00000,0x0000009717c00000],  sp=0x0000009717bfd690,  free space=1013k
Native frames: (J=compiled Java code, j=interpreted, Vv=VM code, C=native code)
C  [KERNELBASE.dll+0x34ed9]
C  [VCRUNTIME140.dll+0x6220]
C  [jimage.dll+0x3697]
C  [jimage.dll+0x2a81]
C  [jimage.dll+0x146b]
C  [jimage.dll+0x1f03]
C  [jimage.dll+0x1f9a]
C  [jimage.dll+0x26d2]
V  [jvm.dll+0x1f20c7]
V  [jvm.dll+0x1f0ea3]
V  [jvm.dll+0x741e03]
V  [jvm.dll+0x7436a8]
V  [jvm.dll+0x7439d3]
V  [jvm.dll+0x23ad74]
V  [jvm.dll+0x375b71]
C  0x0000020a8002874e

Java frames: (J=compiled Java code, j=interpreted, Vv=VM code)
j  sun.security.util.DerValue.getBigIntegerInternal(BZ)Ljava/math/BigInteger;+164 java.base@16.0.1
j  sun.security.util.DerValue.getBigInteger()Ljava/math/BigInteger;+3 java.base@16.0.1
j  sun.security.util.DerInputStream.getBigInteger()Ljava/math/BigInteger;+4 java.base@16.0.1
j  sun.security.pkcs.PKCS7.parseSignedData(Lsun/security/util/DerValue;)V+7 java.base@16.0.1
j  sun.security.pkcs.PKCS7.parse(Lsun/security/util/DerInputStream;Z)V+40 java.base@16.0.1
j  sun.security.pkcs.PKCS7.parse(Lsun/security/util/DerInputStream;)V+11 java.base@16.0.1
j  sun.security.pkcs.PKCS7.<init>([B)V+50 java.base@16.0.1
j  sun.security.util.SignatureFileVerifier.<init>(Ljava/util/ArrayList;Lsun/security/util/ManifestDigester;Ljava/lang/String;[B)V+40 java.base@16.0.1
j  java.util.jar.JarVerifier.processEntry(Lsun/security/util/ManifestEntryVerifier;)V+311 java.base@16.0.1
j  java.util.jar.JarVerifier.update(I[BIILsun/security/util/ManifestEntryVerifier;)V+39 java.base@16.0.1
j  java.util.jar.JarFile.initializeVerifier()V+157 java.base@16.0.1
j  java.util.jar.JarFile.ensureInitialization()V+41 java.base@16.0.1
j  java.util.jar.JavaUtilJarAccessImpl.ensureInitialization(Ljava/util/jar/JarFile;)V+1 java.base@16.0.1
j  jdk.internal.loader.URLClassPath$JarLoader$2.getManifest()Ljava/util/jar/Manifest;+10 java.base@16.0.1
j  jdk.internal.loader.BuiltinClassLoader.defineClass(Ljava/lang/String;Ljdk/internal/loader/Resource;)Ljava/lang/Class;+29 java.base@16.0.1
j  jdk.internal.loader.BuiltinClassLoader.findClassOnClassPathOrNull(Ljava/lang/String;)Ljava/lang/Class;+37 java.base@16.0.1
j  jdk.internal.loader.BuiltinClassLoader.loadClassOrNull(Ljava/lang/String;Z)Ljava/lang/Class;+111 java.base@16.0.1
j  jdk.internal.loader.BuiltinClassLoader.loadClass(Ljava/lang/String;Z)Ljava/lang/Class;+3 java.base@16.0.1
j  jdk.internal.loader.ClassLoaders$AppClassLoader.loadClass(Ljava/lang/String;Z)Ljava/lang/Class;+36 java.base@16.0.1
j  java.lang.ClassLoader.loadClass(Ljava/lang/String;)Ljava/lang/Class;+3 java.base@16.0.1
j  sun.instrument.InstrumentationImpl.loadClassAndStartAgent(Ljava/lang/String;Ljava/lang/String;Ljava/lang/String;)V+8 java.instrument@16.0.1
j  sun.instrument.InstrumentationImpl.loadClassAndCallPremain(Ljava/lang/String;Ljava/lang/String;)V+6 java.instrument@16.0.1
v  ~StubRoutines::call_stub

siginfo: EXCEPTION_UNCAUGHT_CXX_EXCEPTION (0xe06d7363), ExceptionInformation=0x0000000019930520 0x0000009717bfd7f0 0x00007ffe543a5160 0x00007ffe543a0000 


Register to memory mapping:

RIP=0x00007ffe5f2b4ed9 KERNELBASE.dll
RAX=0x00007ffe6189b86b ntdll.dll
RBX=0x00007ffe543a5160 jimage.dll
RCX=0x00000000018a0163 is an unknown value
RDX=0x00000000000000d8 is an unknown value
RSP=0x0000009717bfd690 is pointing into the stack for thread: 0x0000020af1d5ef50
RBP=0x0000009717bfd920 is pointing into the stack for thread: 0x0000020af1d5ef50
RSI=0x0000009717bfd7f0 is pointing into the stack for thread: 0x0000020af1d5ef50
RDI=0x0000000019930520 is an unknown value
R8 =0x0000020afc6431f0 is pointing into metadata
R9 =0x0000000100097a88 is a pointer to class: 
sun.security.util.ByteArrayTagOrder {0x0000000100097a90}
R10=0x0000020af1b90000 points into unknown readable memory: 0x0000000000000000 | 00 00 00 00 00 00 00 00
R11=0x0000020af1b902ac points into unknown readable memory: 03 00 02 00
R12=0x000000000000eb3f is an unknown value
R13=0x0000020af1d5f4c0 points into unknown readable memory: 0x7361622e6176616a | 6a 61 76 61 2e 62 61 73
R14=0x0000020afcb93740 points into unknown readable memory: 0x0000000000000005 | 05 00 00 00 00 00 00 00
R15=0x0000020afcb93740 points into unknown readable memory: 0x0000000000000005 | 05 00 00 00 00 00 00 00


Registers:
RAX=0x00007ffe6189b86b, RBX=0x00007ffe543a5160, RCX=0x00000000018a0163, RDX=0x00000000000000d8
RSP=0x0000009717bfd690, RBP=0x0000009717bfd920, RSI=0x0000009717bfd7f0, RDI=0x0000000019930520
R8 =0x0000020afc6431f0, R9 =0x0000000100097a88, R10=0x0000020af1b90000, R11=0x0000020af1b902ac
R12=0x000000000000eb3f, R13=0x0000020af1d5f4c0, R14=0x0000020afcb93740, R15=0x0000020afcb93740
RIP=0x00007ffe5f2b4ed9, EFLAGS=0x0000000000000206

Top of Stack: (sp=0x0000009717bfd690)
0x0000009717bfd690:   00000000000003ff 00007ffe543a5160
0x0000009717bfd6a0:   0000009717bfd7f0 0000000000000000
0x0000009717bfd6b0:   00000001e06d7363 0000000000000000
0x0000009717bfd6c0:   00007ffe5f2b4ed9 0000020a00000004
0x0000009717bfd6d0:   0000000019930520 0000009717bfd7f0
0x0000009717bfd6e0:   00007ffe543a5160 00007ffe543a0000
0x0000009717bfd6f0:   0000020af1d5f4c0 000000000000eb3f
0x0000009717bfd700:   0000009717bfd7f0 0000009717bfd920
0x0000009717bfd710:   0000009717bfd790 00007ffe618a4a5f
0x0000009717bfd720:   0000000019930520 0000020a00000000
0x0000009717bfd730:   0000000200000000 00007ffe618c07b0
0x0000009717bfd740:   00007ffe543a7000 00007ffe543a0000
0x0000009717bfd750:   000043d909917df3 00007ffe5f2c97fb
0x0000009717bfd760:   00007ffe543a5160 00007ffe24e46220
0x0000009717bfd770:   0000a5c7a9a71982 00007ffe5efbfde6
0x0000009717bfd780:   0000000000000008 00007ffe5efb39ce 

Instructions: (pc=0x00007ffe5f2b4ed9)
0x00007ffe5f2b4dd9:   d8 21 00 00 41 0f 44 c0 89 43 24 8b 41 18 89 43
0x00007ffe5f2b4de9:   28 65 48 8b 04 25 60 00 00 00 48 8b 48 20 39 79
0x00007ffe5f2b4df9:   08 7c 36 41 b9 40 00 00 00 48 89 7c 24 20 4c 8d
0x00007ffe5f2b4e09:   44 24 30 48 83 c9 ff 41 8d 51 e5 48 ff 15 0d ad
0x00007ffe5f2b4e19:   18 00 0f 1f 44 00 00 85 c0 0f 88 9f f1 06 00 81
0x00007ffe5f2b4e29:   7c 24 54 33 00 03 00 72 0f 48 8b 9c 24 80 00 00
0x00007ffe5f2b4e39:   00 48 83 c4 70 5f c3 cc 89 7b 2c eb ec cc cc cc
0x00007ffe5f2b4e49:   cc cc cc cc cc cc cc 65 48 8b 04 25 30 00 00 00
0x00007ffe5f2b4e59:   8b 40 68 c3 cc cc cc cc cc cc cc cc cc cc cc cc
0x00007ffe5f2b4e69:   cc cc cc cc cc cc cc 48 81 ec d8 00 00 00 48 8b
0x00007ffe5f2b4e79:   05 f2 6f 25 00 48 33 c4 48 89 84 24 c0 00 00 00
0x00007ffe5f2b4e89:   48 83 64 24 28 00 48 8d 05 da ff ff ff 83 e2 01
0x00007ffe5f2b4e99:   89 4c 24 20 89 54 24 24 48 89 44 24 30 4d 85 c9
0x00007ffe5f2b4ea9:   74 4c b8 0f 00 00 00 48 8d 4c 24 40 44 3b c0 49
0x00007ffe5f2b4eb9:   8b d1 44 0f 47 c0 44 89 44 24 38 49 c1 e0 03 e8
0x00007ffe5f2b4ec9:   3a d7 05 00 48 8d 4c 24 20 48 ff 15 2f ad 18 00
0x00007ffe5f2b4ed9:   0f 1f 44 00 00 48 8b 8c 24 c0 00 00 00 48 33 cc
0x00007ffe5f2b4ee9:   e8 42 97 05 00 48 81 c4 d8 00 00 00 c3 cc 83 64
0x00007ffe5f2b4ef9:   24 38 00 eb cf cc cc cc cc cc cc cc cc cc cc cc
0x00007ffe5f2b4f09:   cc cc cc cc cc cc cc 40 53 48 83 ec 30 48 8b d1
0x00007ffe5f2b4f19:   48 8d 4c 24 20 e8 e5 cc ff ff 85 c0 74 26 48 8b
0x00007ffe5f2b4f29:   4c 24 28 e8 8f 6f ff ff 48 8d 4c 24 20 8b d8 48
0x00007ffe5f2b4f39:   ff 15 21 a5 18 00 0f 1f 44 00 00 8b c3 48 83 c4
0x00007ffe5f2b4f49:   30 5b c3 cc 83 c8 ff eb f4 cc cc cc cc cc cc cc
0x00007ffe5f2b4f59:   cc cc cc cc cc cc cc 48 8b c4 48 89 58 10 48 89
0x00007ffe5f2b4f69:   70 18 57 48 83 ec 60 0f 57 c0 0f 11 40 b8 48 8d
0x00007ffe5f2b4f79:   35 42 05 19 00 33 db 48 85 c9 48 0f 45 f1 48 8b
0x00007ffe5f2b4f89:   d6 48 8d 48 c8 48 ff 15 53 ab 18 00 0f 1f 44 00
0x00007ffe5f2b4f99:   00 8b f8 89 44 24 70 85 c0 78 1f 41 b0 01 48 8d
0x00007ffe5f2b4fa9:   54 24 30 48 8d 4c 24 20 48 ff 15 d0 a4 18 00 0f
0x00007ffe5f2b4fb9:   1f 44 00 00 8b f8 89 44 24 70 85 ff 0f 88 09 f0
0x00007ffe5f2b4fc9:   06 00 48 83 c8 ff 48 8b c8 48 ff c1 66 39 1c 4e 


Stack slot to memory mapping:
stack at sp + 0 slots: 0x00000000000003ff is an unknown value
stack at sp + 1 slots: 0x00007ffe543a5160 jimage.dll
stack at sp + 2 slots: 0x0000009717bfd7f0 is pointing into the stack for thread: 0x0000020af1d5ef50
stack at sp + 3 slots: 0x0 is NULL
stack at sp + 4 slots: 0x00000001e06d7363 is an unknown value
stack at sp + 5 slots: 0x0 is NULL
stack at sp + 6 slots: 0x00007ffe5f2b4ed9 KERNELBASE.dll
stack at sp + 7 slots: 0x0000020a00000004 is an unknown value


---------------  P R O C E S S  ---------------

Threads class SMR info:
_java_thread_list=0x0000020afca517f0, length=14, elements={
0x0000020af1d5ef50, 0x0000020afbc13250, 0x0000020afbc14390, 0x0000020afbc46020,
0x0000020afbc46c20, 0x0000020afbc47620, 0x0000020afbc48020, 0x0000020afbc79020,
0x0000020afc831700, 0x0000020afc834500, 0x0000020afbb8a0b0, 0x0000020afcb31850,
0x0000020afca40d30, 0x0000020afca43280
}
_to_delete_list=0x0000020afca51d60, length=13, elements={
0x0000020af1d5ef50, 0x0000020afbc13250, 0x0000020afbc14390, 0x0000020afbc46020,
0x0000020afbc46c20, 0x0000020afbc47620, 0x0000020afbc48020, 0x0000020afbc79020,
0x0000020afc831700, 0x0000020afc834500, 0x0000020afbb8a0b0, 0x0000020afcb31850,
0x0000020afca40d30
}

Java Threads: ( => current thread )
=>0x0000020af1d5ef50 JavaThread "main" [_thread_in_vm, id=21000, stack(0x0000009717b00000,0x0000009717c00000)]
  0x0000020afbc13250 JavaThread "Reference Handler" daemon [_thread_blocked, id=17124, stack(0x0000009718200000,0x0000009718300000)]
  0x0000020afbc14390 JavaThread "Finalizer" daemon [_thread_blocked, id=18448, stack(0x0000009718300000,0x0000009718400000)]
  0x0000020afbc46020 JavaThread "Signal Dispatcher" daemon [_thread_blocked, id=16588, stack(0x0000009718400000,0x0000009718500000)]
  0x0000020afbc46c20 JavaThread "Attach Listener" daemon [_thread_blocked, id=12660, stack(0x0000009718500000,0x0000009718600000)]
  0x0000020afbc47620 JavaThread "Service Thread" daemon [_thread_blocked, id=3240, stack(0x0000009718600000,0x0000009718700000)]
  0x0000020afbc48020 JavaThread "Monitor Deflation Thread" daemon [_thread_blocked, id=1528, stack(0x0000009718700000,0x0000009718800000)]
  0x0000020afbc79020 JavaThread "C2 CompilerThread0" daemon [_thread_blocked, id=2116, stack(0x0000009718800000,0x0000009718900000)]
  0x0000020afc831700 JavaThread "C1 CompilerThread0" daemon [_thread_blocked, id=4584, stack(0x0000009718900000,0x0000009718a00000)]
  0x0000020afc834500 JavaThread "Sweeper thread" daemon [_thread_blocked, id=18288, stack(0x0000009718a00000,0x0000009718b00000)]
  0x0000020afbb8a0b0 JavaThread "Common-Cleaner" daemon [_thread_blocked, id=19464, stack(0x0000009718b00000,0x0000009718c00000)]
  0x0000020afcb31850 JavaThread "JDWP Transport Listener: dt_socket" daemon [_thread_blocked, id=21216, stack(0x0000009718c00000,0x0000009718d00000)]
  0x0000020afca40d30 JavaThread "JDWP Event Helper Thread" daemon [_thread_blocked, id=19752, stack(0x0000009718d00000,0x0000009718e00000)]
  0x0000020afca43280 JavaThread "JDWP Command Reader" daemon [_thread_in_native, id=12628, stack(0x0000009718e00000,0x0000009718f00000)]

Other Threads:
  0x0000020afbbfe750 VMThread "VM Thread" [stack: 0x0000009718100000,0x0000009718200000] [id=18684] _threads_hazard_ptr=0x0000020afca517f0
  0x0000020af1d8c000 GCTaskThread "GC Thread#0" [stack: 0x0000009717c00000,0x0000009717d00000] [id=4388]
  0x0000020af1d3e160 ConcurrentGCThread "G1 Main Marker" [stack: 0x0000009717d00000,0x0000009717e00000] [id=11556]
  0x0000020af1d924e0 ConcurrentGCThread "G1 Conc#0" [stack: 0x0000009717e00000,0x0000009717f00000] [id=20964]
  0x0000020af1ddf690 ConcurrentGCThread "G1 Refine#0" [stack: 0x0000009717f00000,0x0000009718000000] [id=18316]
  0x0000020af1de0190 ConcurrentGCThread "G1 Service" [stack: 0x0000009718000000,0x0000009718100000] [id=13828]

Threads with active compile tasks:

VM state: synchronizing (normal execution)

VM Mutex/Monitor currently owned by a thread:  ([mutex/lock_event])
[0x0000020af1d58e20] Threads_lock - owner thread: 0x0000020afbbfe750

Heap address: 0x00000000c1400000, size: 1004 MB, Compressed Oops mode: 32-bit

CDS disabled.
Compressed class space mapped at: 0x0000000100000000-0x0000000140000000, reserved size: 1073741824
Narrow klass base: 0x0000000000000000, Narrow klass shift: 3, Narrow klass range: 0x140000000

GC Precious Log:
 CPUs: 4 total, 4 available
 Memory: 4010M
 Large Page Support: Disabled
 NUMA Support: Disabled
 Compressed Oops: Enabled (32-bit)
 Heap Region Size: 1M
 Heap Min Capacity: 8M
 Heap Initial Capacity: 64M
 Heap Max Capacity: 1004M
 Pre-touch: Disabled
 Parallel Workers: 4
 Concurrent Workers: 1
 Concurrent Refinement Workers: 4
 Periodic GC: Disabled

Heap:
 garbage-first heap   total 65536K, used 2048K [0x00000000c1400000, 0x0000000100000000)
  region size 1024K, 3 young (3072K), 0 survivors (0K)
 Metaspace       used 7079K, committed 7168K, reserved 1056768K
  class space    used 604K, committed 640K, reserved 1048576K

Heap Regions: E=young(eden), S=young(survivor), O=old, HS=humongous(starts), HC=humongous(continues), CS=collection set, F=free, OA=open archive, CA=closed archive, TAMS=top-at-mark-start (previous, next)
|   0|0x00000000c1400000, 0x00000000c1400000, 0x00000000c1500000|  0%| F|  |TAMS 0x00000000c1400000, 0x00000000c1400000| Untracked 
|   1|0x00000000c1500000, 0x00000000c1500000, 0x00000000c1600000|  0%| F|  |TAMS 0x00000000c1500000, 0x00000000c1500000| Untracked 
|   2|0x00000000c1600000, 0x00000000c1600000, 0x00000000c1700000|  0%| F|  |TAMS 0x00000000c1600000, 0x00000000c1600000| Untracked 
|   3|0x00000000c1700000, 0x00000000c1700000, 0x00000000c1800000|  0%| F|  |TAMS 0x00000000c1700000, 0x00000000c1700000| Untracked 
|   4|0x00000000c1800000, 0x00000000c1800000, 0x00000000c1900000|  0%| F|  |TAMS 0x00000000c1800000, 0x00000000c1800000| Untracked 
|   5|0x00000000c1900000, 0x00000000c1900000, 0x00000000c1a00000|  0%| F|  |TAMS 0x00000000c1900000, 0x00000000c1900000| Untracked 
|   6|0x00000000c1a00000, 0x00000000c1a00000, 0x00000000c1b00000|  0%| F|  |TAMS 0x00000000c1a00000, 0x00000000c1a00000| Untracked 
|   7|0x00000000c1b00000, 0x00000000c1b00000, 0x00000000c1c00000|  0%| F|  |TAMS 0x00000000c1b00000, 0x00000000c1b00000| Untracked 
|   8|0x00000000c1c00000, 0x00000000c1c00000, 0x00000000c1d00000|  0%| F|  |TAMS 0x00000000c1c00000, 0x00000000c1c00000| Untracked 
|   9|0x00000000c1d00000, 0x00000000c1d00000, 0x00000000c1e00000|  0%| F|  |TAMS 0x00000000c1d00000, 0x00000000c1d00000| Untracked 
|  10|0x00000000c1e00000, 0x00000000c1e00000, 0x00000000c1f00000|  0%| F|  |TAMS 0x00000000c1e00000, 0x00000000c1e00000| Untracked 
|  11|0x00000000c1f00000, 0x00000000c1f00000, 0x00000000c2000000|  0%| F|  |TAMS 0x00000000c1f00000, 0x00000000c1f00000| Untracked 
|  12|0x00000000c2000000, 0x00000000c2000000, 0x00000000c2100000|  0%| F|  |TAMS 0x00000000c2000000, 0x00000000c2000000| Untracked 
|  13|0x00000000c2100000, 0x00000000c2100000, 0x00000000c2200000|  0%| F|  |TAMS 0x00000000c2100000, 0x00000000c2100000| Untracked 
|  14|0x00000000c2200000, 0x00000000c2200000, 0x00000000c2300000|  0%| F|  |TAMS 0x00000000c2200000, 0x00000000c2200000| Untracked 
|  15|0x00000000c2300000, 0x00000000c2300000, 0x00000000c2400000|  0%| F|  |TAMS 0x00000000c2300000, 0x00000000c2300000| Untracked 
|  16|0x00000000c2400000, 0x00000000c2400000, 0x00000000c2500000|  0%| F|  |TAMS 0x00000000c2400000, 0x00000000c2400000| Untracked 
|  17|0x00000000c2500000, 0x00000000c2500000, 0x00000000c2600000|  0%| F|  |TAMS 0x00000000c2500000, 0x00000000c2500000| Untracked 
|  18|0x00000000c2600000, 0x00000000c2600000, 0x00000000c2700000|  0%| F|  |TAMS 0x00000000c2600000, 0x00000000c2600000| Untracked 
|  19|0x00000000c2700000, 0x00000000c2700000, 0x00000000c2800000|  0%| F|  |TAMS 0x00000000c2700000, 0x00000000c2700000| Untracked 
|  20|0x00000000c2800000, 0x00000000c2800000, 0x00000000c2900000|  0%| F|  |TAMS 0x00000000c2800000, 0x00000000c2800000| Untracked 
|  21|0x00000000c2900000, 0x00000000c2900000, 0x00000000c2a00000|  0%| F|  |TAMS 0x00000000c2900000, 0x00000000c2900000| Untracked 
|  22|0x00000000c2a00000, 0x00000000c2a00000, 0x00000000c2b00000|  0%| F|  |TAMS 0x00000000c2a00000, 0x00000000c2a00000| Untracked 
|  23|0x00000000c2b00000, 0x00000000c2b00000, 0x00000000c2c00000|  0%| F|  |TAMS 0x00000000c2b00000, 0x00000000c2b00000| Untracked 
|  24|0x00000000c2c00000, 0x00000000c2c00000, 0x00000000c2d00000|  0%| F|  |TAMS 0x00000000c2c00000, 0x00000000c2c00000| Untracked 
|  25|0x00000000c2d00000, 0x00000000c2d00000, 0x00000000c2e00000|  0%| F|  |TAMS 0x00000000c2d00000, 0x00000000c2d00000| Untracked 
|  26|0x00000000c2e00000, 0x00000000c2e00000, 0x00000000c2f00000|  0%| F|  |TAMS 0x00000000c2e00000, 0x00000000c2e00000| Untracked 
|  27|0x00000000c2f00000, 0x00000000c2f00000, 0x00000000c3000000|  0%| F|  |TAMS 0x00000000c2f00000, 0x00000000c2f00000| Untracked 
|  28|0x00000000c3000000, 0x00000000c3000000, 0x00000000c3100000|  0%| F|  |TAMS 0x00000000c3000000, 0x00000000c3000000| Untracked 
|  29|0x00000000c3100000, 0x00000000c3100000, 0x00000000c3200000|  0%| F|  |TAMS 0x00000000c3100000, 0x00000000c3100000| Untracked 
|  30|0x00000000c3200000, 0x00000000c3200000, 0x00000000c3300000|  0%| F|  |TAMS 0x00000000c3200000, 0x00000000c3200000| Untracked 
|  31|0x00000000c3300000, 0x00000000c3300000, 0x00000000c3400000|  0%| F|  |TAMS 0x00000000c3300000, 0x00000000c3300000| Untracked 
|  32|0x00000000c3400000, 0x00000000c3400000, 0x00000000c3500000|  0%| F|  |TAMS 0x00000000c3400000, 0x00000000c3400000| Untracked 
|  33|0x00000000c3500000, 0x00000000c3500000, 0x00000000c3600000|  0%| F|  |TAMS 0x00000000c3500000, 0x00000000c3500000| Untracked 
|  34|0x00000000c3600000, 0x00000000c3600000, 0x00000000c3700000|  0%| F|  |TAMS 0x00000000c3600000, 0x00000000c3600000| Untracked 
|  35|0x00000000c3700000, 0x00000000c3700000, 0x00000000c3800000|  0%| F|  |TAMS 0x00000000c3700000, 0x00000000c3700000| Untracked 
|  36|0x00000000c3800000, 0x00000000c3800000, 0x00000000c3900000|  0%| F|  |TAMS 0x00000000c3800000, 0x00000000c3800000| Untracked 
|  37|0x00000000c3900000, 0x00000000c3900000, 0x00000000c3a00000|  0%| F|  |TAMS 0x00000000c3900000, 0x00000000c3900000| Untracked 
|  38|0x00000000c3a00000, 0x00000000c3a00000, 0x00000000c3b00000|  0%| F|  |TAMS 0x00000000c3a00000, 0x00000000c3a00000| Untracked 
|  39|0x00000000c3b00000, 0x00000000c3b00000, 0x00000000c3c00000|  0%| F|  |TAMS 0x00000000c3b00000, 0x00000000c3b00000| Untracked 
|  40|0x00000000c3c00000, 0x00000000c3c00000, 0x00000000c3d00000|  0%| F|  |TAMS 0x00000000c3c00000, 0x00000000c3c00000| Untracked 
|  41|0x00000000c3d00000, 0x00000000c3d00000, 0x00000000c3e00000|  0%| F|  |TAMS 0x00000000c3d00000, 0x00000000c3d00000| Untracked 
|  42|0x00000000c3e00000, 0x00000000c3e00000, 0x00000000c3f00000|  0%| F|  |TAMS 0x00000000c3e00000, 0x00000000c3e00000| Untracked 
|  43|0x00000000c3f00000, 0x00000000c3f00000, 0x00000000c4000000|  0%| F|  |TAMS 0x00000000c3f00000, 0x00000000c3f00000| Untracked 
|  44|0x00000000c4000000, 0x00000000c4000000, 0x00000000c4100000|  0%| F|  |TAMS 0x00000000c4000000, 0x00000000c4000000| Untracked 
|  45|0x00000000c4100000, 0x00000000c4100000, 0x00000000c4200000|  0%| F|  |TAMS 0x00000000c4100000, 0x00000000c4100000| Untracked 
|  46|0x00000000c4200000, 0x00000000c4200000, 0x00000000c4300000|  0%| F|  |TAMS 0x00000000c4200000, 0x00000000c4200000| Untracked 
|  47|0x00000000c4300000, 0x00000000c4300000, 0x00000000c4400000|  0%| F|  |TAMS 0x00000000c4300000, 0x00000000c4300000| Untracked 
|  48|0x00000000c4400000, 0x00000000c4400000, 0x00000000c4500000|  0%| F|  |TAMS 0x00000000c4400000, 0x00000000c4400000| Untracked 
|  49|0x00000000c4500000, 0x00000000c4500000, 0x00000000c4600000|  0%| F|  |TAMS 0x00000000c4500000, 0x00000000c4500000| Untracked 
|  50|0x00000000c4600000, 0x00000000c4600000, 0x00000000c4700000|  0%| F|  |TAMS 0x00000000c4600000, 0x00000000c4600000| Untracked 
|  51|0x00000000c4700000, 0x00000000c4700000, 0x00000000c4800000|  0%| F|  |TAMS 0x00000000c4700000, 0x00000000c4700000| Untracked 
|  52|0x00000000c4800000, 0x00000000c4800000, 0x00000000c4900000|  0%| F|  |TAMS 0x00000000c4800000, 0x00000000c4800000| Untracked 
|  53|0x00000000c4900000, 0x00000000c4900000, 0x00000000c4a00000|  0%| F|  |TAMS 0x00000000c4900000, 0x00000000c4900000| Untracked 
|  54|0x00000000c4a00000, 0x00000000c4a00000, 0x00000000c4b00000|  0%| F|  |TAMS 0x00000000c4a00000, 0x00000000c4a00000| Untracked 
|  55|0x00000000c4b00000, 0x00000000c4b00000, 0x00000000c4c00000|  0%| F|  |TAMS 0x00000000c4b00000, 0x00000000c4b00000| Untracked 
|  56|0x00000000c4c00000, 0x00000000c4c00000, 0x00000000c4d00000|  0%| F|  |TAMS 0x00000000c4c00000, 0x00000000c4c00000| Untracked 
|  57|0x00000000c4d00000, 0x00000000c4d00000, 0x00000000c4e00000|  0%| F|  |TAMS 0x00000000c4d00000, 0x00000000c4d00000| Untracked 
|  58|0x00000000c4e00000, 0x00000000c4e00000, 0x00000000c4f00000|  0%| F|  |TAMS 0x00000000c4e00000, 0x00000000c4e00000| Untracked 
|  59|0x00000000c4f00000, 0x00000000c4f00000, 0x00000000c5000000|  0%| F|  |TAMS 0x00000000c4f00000, 0x00000000c4f00000| Untracked 
|  60|0x00000000c5000000, 0x00000000c5000000, 0x00000000c5100000|  0%| F|  |TAMS 0x00000000c5000000, 0x00000000c5000000| Untracked 
|  61|0x00000000c5100000, 0x00000000c5188f18, 0x00000000c5200000| 53%| E|  |TAMS 0x00000000c5100000, 0x00000000c5100000| Complete 
|  62|0x00000000c5200000, 0x00000000c5300000, 0x00000000c5300000|100%| E|CS|TAMS 0x00000000c5200000, 0x00000000c5200000| Complete 
|  63|0x00000000c5300000, 0x00000000c5400000, 0x00000000c5400000|100%| E|CS|TAMS 0x00000000c5300000, 0x00000000c5300000| Complete 

Card table byte_map: [0x0000020af7310000,0x0000020af7510000] _byte_map_base: 0x0000020af6d06000

Marking Bits (Prev, Next): (CMBitMap*) 0x0000020af1d8c6f0, (CMBitMap*) 0x0000020af1d8c730
 Prev Bits: [0x0000020af7710000, 0x0000020af86c0000)
 Next Bits: [0x0000020af86c0000, 0x0000020af9670000)

Polling page: 0x0000020af1c00000

Metaspace:

Usage:
  Non-class:      6.32 MB used.
      Class:    604.78 KB used.
       Both:      6.91 MB used.

Virtual space:
  Non-class space:        8.00 MB reserved,       6.38 MB ( 80%) committed,  1 nodes.
      Class space:        1.00 GB reserved,     640.00 KB ( <1%) committed,  1 nodes.
              Both:        1.01 GB reserved,       7.00 MB ( <1%) committed. 

Chunk freelists:
   Non-Class:  1.00 MB
       Class:  3.25 MB
        Both:  4.25 MB

MaxMetaspaceSize: 17179869184.00 GB
CompressedClassSpaceSize: 1.00 GB
 - commit_granule_bytes: 65536.
 - commit_granule_words: 8192.
 - virtual_space_node_default_size: 1048576.
 - enlarge_chunks_in_place: 1.
 - new_chunks_are_fully_committed: 0.
 - uncommit_free_chunks: 1.
 - use_allocation_guard: 0.
 - handle_deallocations: 1.


Internal statistics:

num_allocs_failed_limit: 0.
num_arena_births: 8.
num_arena_deaths: 0.
num_vsnodes_births: 2.
num_vsnodes_deaths: 0.
num_space_committed: 112.
num_space_uncommitted: 0.
num_chunks_returned_to_freelist: 0.
num_chunks_taken_from_freelist: 26.
num_chunk_merges: 0.
num_chunk_splits: 8.
num_chunks_enlarged: 3.
num_purges: 0.

CodeHeap 'non-profiled nmethods': size=120000Kb used=71Kb max_used=71Kb free=119928Kb
 bounds [0x0000020a87ad0000, 0x0000020a87d40000, 0x0000020a8f000000]
CodeHeap 'profiled nmethods': size=120000Kb used=339Kb max_used=339Kb free=119660Kb
 bounds [0x0000020a805a0000, 0x0000020a80810000, 0x0000020a87ad0000]
CodeHeap 'non-nmethods': size=5760Kb used=1182Kb max_used=1195Kb free=4578Kb
 bounds [0x0000020a80000000, 0x0000020a80270000, 0x0000020a805a0000]
 total_blobs=627 nmethods=245 adapters=295
 compilation: enabled
              stopped_count=0, restarted_count=0
 full_count=0

Compilation events (20 events):
Event: 17.960 Thread 0x0000020afc831700 nmethod 236 0x0000020a805eaa10 code [0x0000020a805eaca0, 0x0000020a805eb7f8]
Event: 17.960 Thread 0x0000020afbc79020 nmethod 235 0x0000020a87ae0890 code [0x0000020a87ae0a00, 0x0000020a87ae0b58]
Event: 17.960 Thread 0x0000020afbc79020  237       4       jdk.internal.misc.Unsafe::putReferenceRelease (9 bytes)
Event: 17.961 Thread 0x0000020afc831700  238       3       java.lang.String::toUpperCase (29 bytes)
Event: 17.962 Thread 0x0000020afc831700 nmethod 238 0x0000020a805ebc90 code [0x0000020a805ebe60, 0x0000020a805ec138]
Event: 17.962 Thread 0x0000020afc831700  239       3       java.util.Objects::nonNull (10 bytes)
Event: 17.962 Thread 0x0000020afc831700 nmethod 239 0x0000020a805ec210 code [0x0000020a805ec3a0, 0x0000020a805ec4f8]
Event: 17.962 Thread 0x0000020afc831700  240       3       sun.security.util.KnownOIDs::register (349 bytes)
Event: 17.962 Thread 0x0000020afbc79020 nmethod 237 0x0000020a87ae0c10 code [0x0000020a87ae0d80, 0x0000020a87ae0ed8]
Event: 17.962 Thread 0x0000020afbc79020  241       4       java.util.concurrent.ConcurrentHashMap::tabAt (22 bytes)
Event: 17.963 Thread 0x0000020afbc79020 nmethod 241 0x0000020a87ae0f90 code [0x0000020a87ae1100, 0x0000020a87ae1158]
Event: 17.966 Thread 0x0000020afbc79020  245       4       java.lang.CharacterDataLatin1::toUpperCaseEx (71 bytes)
Event: 17.968 Thread 0x0000020afbc79020 nmethod 245 0x0000020a87ae1290 code [0x0000020a87ae1420, 0x0000020a87ae1538]
Event: 17.969 Thread 0x0000020afc831700 nmethod 240 0x0000020a805ec590 code [0x0000020a805ecec0, 0x0000020a805f14f8]
Event: 17.969 Thread 0x0000020afc831700  243       3       java.util.HashMap::putVal (300 bytes)
Event: 17.970 Thread 0x0000020afc831700 nmethod 243 0x0000020a805f2e10 code [0x0000020a805f30c0, 0x0000020a805f4338]
Event: 17.970 Thread 0x0000020afc831700  242       3       java.util.Locale::getLanguage (8 bytes)
Event: 17.971 Thread 0x0000020afc831700 nmethod 242 0x0000020a805f4990 code [0x0000020a805f4b20, 0x0000020a805f4c58]
Event: 17.971 Thread 0x0000020afc831700  244       1       java.util.LinkedHashMap::removeEldestEntry (2 bytes)
Event: 17.971 Thread 0x0000020afc831700 nmethod 244 0x0000020a87ae1610 code [0x0000020a87ae17a0, 0x0000020a87ae1878]

GC Heap History (0 events):
No events

Deoptimization events (4 events):
Event: 17.962 Thread 0x0000020af1d5ef50 Uncommon trap: trap_request=0xffffff45 fr.pc=0x0000020a87add364 relative=0x0000000000000b64
Event: 17.962 Thread 0x0000020af1d5ef50 Uncommon trap: reason=unstable_if action=reinterpret pc=0x0000020a87add364 method=java.util.HashMap.putVal(ILjava/lang/Object;Ljava/lang/Object;ZZ)Ljava/lang/Object; @ 181 c2
Event: 17.962 Thread 0x0000020af1d5ef50 DEOPT PACKING pc=0x0000020a87add364 sp=0x0000009717bfde80
Event: 17.962 Thread 0x0000020af1d5ef50 DEOPT UNPACKING pc=0x0000020a8004d72e sp=0x0000009717bfde40 mode 2

Classes unloaded (0 events):
No events

Classes redefined (0 events):
No events

Internal exceptions (1 events):
Event: 3.857 Thread 0x0000020af1d5ef50 Exception <a 'java/lang/NoSuchMethodError'{0x00000000c522cd90}: 'void java.lang.invoke.DirectMethodHandle$Holder.invokeVirtual(java.lang.Object, java.lang.Object)'> (0x00000000c522cd90) 
thrown [t:\workspace\open\src\hotspot\share\interpreter\linkResolver.cpp, line 790]

Events (20 events):
Event: 17.965 loading class java/util/LinkedHashMap$LinkedKeyIterator done
Event: 17.967 loading class sun/security/pkcs/PKCS7
Event: 17.968 loading class sun/security/pkcs/PKCS7 done
Event: 17.969 loading class sun/security/util/DerInputStream
Event: 17.969 loading class sun/security/util/DerInputStream done
Event: 17.969 loading class sun/security/pkcs/ContentInfo
Event: 17.969 loading class sun/security/pkcs/ContentInfo done
Event: 17.969 loading class sun/security/util/ObjectIdentifier
Event: 17.970 loading class sun/security/util/ObjectIdentifier done
Event: 17.970 loading class sun/security/util/DerValue
Event: 17.971 loading class sun/security/util/DerValue done
Event: 17.971 loading class sun/security/util/DerOutputStream
Event: 17.971 loading class sun/security/util/DerEncoder
Event: 17.971 loading class sun/security/util/DerEncoder done
Event: 17.971 loading class sun/security/util/DerOutputStream done
Event: 17.972 loading class sun/security/util/ByteArrayLexOrder
Event: 17.972 loading class sun/security/util/ByteArrayLexOrder done
Event: 17.972 loading class sun/security/util/ByteArrayTagOrder
Event: 17.972 loading class sun/security/util/ByteArrayTagOrder done
Event: 17.972 loading class java/math/BigInteger


Dynamic libraries:
0x00007ff711cd0000 - 0x00007ff711cde000 	C:\Users\hyeon\Desktop\국비7월\Java\eclipse\plugins\org.eclipse.justj.openjdk.hotspot.jre.full.win32.x86_64_16.0.1.v20210528-1205\jre\bin\javaw.exe
0x00007ffe61870000 - 0x00007ffe61a65000 	C:\WINDOWS\SYSTEM32\ntdll.dll
0x00007ffe60b10000 - 0x00007ffe60bcd000 	C:\WINDOWS\System32\KERNEL32.DLL
0x00007ffe5f280000 - 0x00007ffe5f549000 	C:\WINDOWS\System32\KERNELBASE.dll
0x00007ffe5efb0000 - 0x00007ffe5f0b0000 	C:\WINDOWS\System32\ucrtbase.dll
0x00007ffe3ac70000 - 0x00007ffe3ac88000 	C:\Users\hyeon\Desktop\국비7월\Java\eclipse\plugins\org.eclipse.justj.openjdk.hotspot.jre.full.win32.x86_64_16.0.1.v20210528-1205\jre\bin\jli.dll
0x00007ffe60130000 - 0x00007ffe602d0000 	C:\WINDOWS\System32\USER32.dll
0x00007ffe5f100000 - 0x00007ffe5f122000 	C:\WINDOWS\System32\win32u.dll
0x00007ffe60f90000 - 0x00007ffe60fba000 	C:\WINDOWS\System32\GDI32.dll
0x00007ffe5f5e0000 - 0x00007ffe5f6eb000 	C:\WINDOWS\System32\gdi32full.dll
0x00007ffe5f1e0000 - 0x00007ffe5f27d000 	C:\WINDOWS\System32\msvcp_win.dll
0x00007ffe496c0000 - 0x00007ffe4995a000 	C:\WINDOWS\WinSxS\amd64_microsoft.windows.common-controls_6595b64144ccf1df_6.0.19041.1110_none_60b5254171f9507e\COMCTL32.dll
0x00007ffe5ff40000 - 0x00007ffe5ffde000 	C:\WINDOWS\System32\msvcrt.dll
0x00007ffe24e40000 - 0x00007ffe24e59000 	C:\Users\hyeon\Desktop\국비7월\Java\eclipse\plugins\org.eclipse.justj.openjdk.hotspot.jre.full.win32.x86_64_16.0.1.v20210528-1205\jre\bin\VCRUNTIME140.dll
0x00007ffe5faf0000 - 0x00007ffe5fb20000 	C:\WINDOWS\System32\IMM32.DLL
0x00007ffe56f30000 - 0x00007ffe56f3c000 	C:\Users\hyeon\Desktop\국비7월\Java\eclipse\plugins\org.eclipse.justj.openjdk.hotspot.jre.full.win32.x86_64_16.0.1.v20210528-1205\jre\bin\vcruntime140_1.dll
0x00007ffe12f40000 - 0x00007ffe12fd1000 	C:\Users\hyeon\Desktop\국비7월\Java\eclipse\plugins\org.eclipse.justj.openjdk.hotspot.jre.full.win32.x86_64_16.0.1.v20210528-1205\jre\bin\msvcp140.dll
0x00007ffe10f00000 - 0x00007ffe11aab000 	C:\Users\hyeon\Desktop\국비7월\Java\eclipse\plugins\org.eclipse.justj.openjdk.hotspot.jre.full.win32.x86_64_16.0.1.v20210528-1205\jre\bin\server\jvm.dll
0x00007ffe60fc0000 - 0x00007ffe6106c000 	C:\WINDOWS\System32\ADVAPI32.dll
0x00007ffe5fb20000 - 0x00007ffe5fbbb000 	C:\WINDOWS\System32\sechost.dll
0x00007ffe60ce0000 - 0x00007ffe60e0a000 	C:\WINDOWS\System32\RPCRT4.dll
0x00007ffe60ea0000 - 0x00007ffe60ea8000 	C:\WINDOWS\System32\PSAPI.DLL
0x00007ffe41ed0000 - 0x00007ffe41ed9000 	C:\WINDOWS\SYSTEM32\WSOCK32.dll
0x00007ffe61070000 - 0x00007ffe610db000 	C:\WINDOWS\System32\WS2_32.dll
0x00007ffe44ba0000 - 0x00007ffe44bc7000 	C:\WINDOWS\SYSTEM32\WINMM.dll
0x00007ffe4dec0000 - 0x00007ffe4deca000 	C:\WINDOWS\SYSTEM32\VERSION.dll
0x00007ffe5d870000 - 0x00007ffe5d882000 	C:\WINDOWS\SYSTEM32\kernel.appcore.dll
0x00007ffe543a0000 - 0x00007ffe543aa000 	C:\Users\hyeon\Desktop\국비7월\Java\eclipse\plugins\org.eclipse.justj.openjdk.hotspot.jre.full.win32.x86_64_16.0.1.v20210528-1205\jre\bin\jimage.dll
0x00007ffe5d590000 - 0x00007ffe5d774000 	C:\WINDOWS\SYSTEM32\DBGHELP.DLL
0x00007ffe41860000 - 0x00007ffe4188c000 	C:\WINDOWS\SYSTEM32\dbgcore.DLL
0x00007ffe5f850000 - 0x00007ffe5f8d3000 	C:\WINDOWS\System32\bcryptPrimitives.dll
0x00007ffe3acb0000 - 0x00007ffe3aceb000 	C:\Users\hyeon\Desktop\국비7월\Java\eclipse\plugins\org.eclipse.justj.openjdk.hotspot.jre.full.win32.x86_64_16.0.1.v20210528-1205\jre\bin\jdwp.dll
0x00007ffe58f10000 - 0x00007ffe58f1e000 	C:\Users\hyeon\Desktop\국비7월\Java\eclipse\plugins\org.eclipse.justj.openjdk.hotspot.jre.full.win32.x86_64_16.0.1.v20210528-1205\jre\bin\instrument.dll
0x00007ffe3acf0000 - 0x00007ffe3ad15000 	C:\Users\hyeon\Desktop\국비7월\Java\eclipse\plugins\org.eclipse.justj.openjdk.hotspot.jre.full.win32.x86_64_16.0.1.v20210528-1205\jre\bin\java.dll
0x00007ffe48bc0000 - 0x00007ffe48bd8000 	C:\Users\hyeon\Desktop\국비7월\Java\eclipse\plugins\org.eclipse.justj.openjdk.hotspot.jre.full.win32.x86_64_16.0.1.v20210528-1205\jre\bin\zip.dll
0x00007ffe610f0000 - 0x00007ffe6182f000 	C:\WINDOWS\System32\SHELL32.dll
0x00007ffe5cd20000 - 0x00007ffe5d4b1000 	C:\WINDOWS\SYSTEM32\windows.storage.dll
0x00007ffe602e0000 - 0x00007ffe60635000 	C:\WINDOWS\System32\combase.dll
0x00007ffe5ea20000 - 0x00007ffe5ea4c000 	C:\WINDOWS\SYSTEM32\Wldp.dll
0x00007ffe5fbc0000 - 0x00007ffe5fc6e000 	C:\WINDOWS\System32\SHCORE.dll
0x00007ffe5fc90000 - 0x00007ffe5fce5000 	C:\WINDOWS\System32\shlwapi.dll
0x00007ffe5eef0000 - 0x00007ffe5ef0f000 	C:\WINDOWS\SYSTEM32\profapi.dll
0x00007ffe3dfb0000 - 0x00007ffe3dfc9000 	C:\Users\hyeon\Desktop\국비7월\Java\eclipse\plugins\org.eclipse.justj.openjdk.hotspot.jre.full.win32.x86_64_16.0.1.v20210528-1205\jre\bin\net.dll
0x00007ffe4a9d0000 - 0x00007ffe4aada000 	C:\WINDOWS\SYSTEM32\WINHTTP.dll
0x00007ffe5e780000 - 0x00007ffe5e7ea000 	C:\WINDOWS\system32\mswsock.dll
0x00007ffe24e60000 - 0x00007ffe24e73000 	C:\Users\hyeon\Desktop\국비7월\Java\eclipse\plugins\org.eclipse.justj.openjdk.hotspot.jre.full.win32.x86_64_16.0.1.v20210528-1205\jre\bin\nio.dll
0x00007ffe58e40000 - 0x00007ffe58e4c000 	C:\Users\hyeon\Desktop\국비7월\Java\eclipse\plugins\org.eclipse.justj.openjdk.hotspot.jre.full.win32.x86_64_16.0.1.v20210528-1205\jre\bin\dt_socket.dll
0x00007ffe5e400000 - 0x00007ffe5e43b000 	C:\WINDOWS\SYSTEM32\IPHLPAPI.DLL
0x00007ffe5e440000 - 0x00007ffe5e50c000 	C:\WINDOWS\SYSTEM32\DNSAPI.dll
0x00007ffe610e0000 - 0x00007ffe610e8000 	C:\WINDOWS\System32\NSI.dll
0x00007ffe4a8d0000 - 0x00007ffe4a8da000 	C:\Windows\System32\rasadhlp.dll
0x00007ffe4a8f0000 - 0x00007ffe4a96f000 	C:\WINDOWS\System32\fwpuclnt.dll
0x00007ffe5f5b0000 - 0x00007ffe5f5d7000 	C:\WINDOWS\System32\bcrypt.dll

dbghelp: loaded successfully - version: 4.0.5 - missing functions: none
symbol engine: initialized successfully - sym options: 0x614 - pdb path: .;C:\Users\hyeon\Desktop\국비7월\Java\eclipse\plugins\org.eclipse.justj.openjdk.hotspot.jre.full.win32.x86_64_16.0.1.v20210528-1205\jre\bin;C:\WINDOWS\SYSTEM32;C:\WINDOWS\WinSxS\amd64_microsoft.windows.common-controls_6595b64144ccf1df_6.0.19041.1110_none_60b5254171f9507e;C:\Users\hyeon\Desktop\국비7월\Java\eclipse\plugins\org.eclipse.justj.openjdk.hotspot.jre.full.win32.x86_64_16.0.1.v20210528-1205\jre\bin\;C:\Users\hyeon\Desktop\국비7월\Java\eclipse\plugins\org.eclipse.justj.openjdk.hotspot.jre.full.win32.x86_64_16.0.1.v20210528-1205\jre\b;C:\Users\hyeon\Desktop\국비7월\Java\eclipse\plugins\org.eclipse.justj.openjdk.hotspot.jre.full.win32.x86_64_16.0.1.v20210528-1205\jr;C:\Users\hyeon\Desktop\국비7월\Java\eclipse\plugins\org.eclipse.justj.openjdk.hotspot.jre.full.win32.x86_64_16.0.1.v20210528-1205;C:\Users\hyeon\Desktop\국비7월\Java\eclipse\plugins\org.eclipse.justj.openjdk.hotspot.jre.full.win32.x86_64_16.0.1.v20210528-1;C:\Users\hyeon\Desktop\국비7월\Java\eclipse\plugins\org.eclipse.justj.openjdk.hotspot.jre.full.win32.x86_64_16.0.1.v2021052

VM Arguments:
jvm_args: -XX:+ShowCodeDetailsInExceptionMessages -agentlib:jdwp=transport=dt_socket,suspend=y,address=localhost:59947 -javaagent:C:\Users\hyeon\Desktop\국비7월\Java\eclipse\configuration\org.eclipse.osgi\415\0\.cp\lib\javaagent-shaded.jar -Dfile.encoding=MS949 --module-path=C:\Users\hyeon\Desktop\국비7월\Java\java-workspace\day09_method\bin -Djdk.module.main=day09_method 
java_command: day09_method/day09_method.Ex05
java_class_path (initial): <not set>
Launcher Type: SUN_STANDARD

[Global flags]
     intx CICompilerCount                          = 3                                         {product} {ergonomic}
     uint ConcGCThreads                            = 1                                         {product} {ergonomic}
     uint G1ConcRefinementThreads                  = 4                                         {product} {ergonomic}
   size_t G1HeapRegionSize                         = 1048576                                   {product} {ergonomic}
    uintx GCDrainStackTargetSize                   = 64                                        {product} {ergonomic}
   size_t InitialHeapSize                          = 67108864                                  {product} {ergonomic}
   size_t MarkStackSize                            = 4194304                                   {product} {ergonomic}
   size_t MaxHeapSize                              = 1052770304                                {product} {ergonomic}
   size_t MaxNewSize                               = 631242752                                 {product} {ergonomic}
   size_t MinHeapDeltaBytes                        = 1048576                                   {product} {ergonomic}
   size_t MinHeapSize                              = 8388608                                   {product} {ergonomic}
    uintx NonNMethodCodeHeapSize                   = 5832780                                {pd product} {ergonomic}
    uintx NonProfiledCodeHeapSize                  = 122912730                              {pd product} {ergonomic}
    uintx ProfiledCodeHeapSize                     = 122912730                              {pd product} {ergonomic}
    uintx ReservedCodeCacheSize                    = 251658240                              {pd product} {ergonomic}
     bool SegmentedCodeCache                       = true                                      {product} {ergonomic}
     bool ShowCodeDetailsInExceptionMessages       = true                                   {manageable} {command line}
   size_t SoftMaxHeapSize                          = 1052770304                             {manageable} {ergonomic}
     bool UseCompressedClassPointers               = true                           {product lp64_product} {ergonomic}
     bool UseCompressedOops                        = true                           {product lp64_product} {ergonomic}
     bool UseG1GC                                  = true                                      {product} {ergonomic}
     bool UseLargePagesIndividualAllocation        = false                                  {pd product} {ergonomic}

Logging:
Log output configuration:
 #0: stdout all=warning uptime,level,tags
 #1: stderr all=off uptime,level,tags

Environment Variables:
PATH=C:\Users\hyeon\Desktop\국비7월\Java\eclipse\plugins\org.eclipse.justj.openjdk.hotspot.jre.full.win32.x86_64_16.0.1.v20210528-1205\jre\bin;C:/Users/hyeon/Desktop/국비7월/Java/eclipse//plugins/org.eclipse.justj.openjdk.hotspot.jre.full.win32.x86_64_16.0.1.v20210528-1205/jre/bin/server;C:/Users/hyeon/Desktop/국비7월/Java/eclipse//plugins/org.eclipse.justj.openjdk.hotspot.jre.full.win32.x86_64_16.0.1.v20210528-1205/jre/bin;C:\Program Files\Common Files\Oracle\Java\javapath;C:\oraclexe\app\oracle\product\11.2.0\server\bin;C:\Program Files (x86)\Intel\Intel(R) Management Engine Components\iCLS\;C:\Program Files\Intel\Intel(R) Management Engine Components\iCLS\;C:\WINDOWS\system32;C:\WINDOWS;C:\WINDOWS\System32\Wbem;C:\WINDOWS\System32\WindowsPowerShell\v1.0\;C:\WINDOWS\System32\OpenSSH\;C:\Program Files (x86)\Intel\Intel(R) Management Engine Components\DAL;C:\Program Files\Intel\Intel(R) Management Engine Components\DAL;C:\Program Files\Git\cmd;C:\Users\hyeon\AppData\Local\Microsoft\WindowsApps;C:\Program Files\Bandizip\;C:\Users\hyeon\Desktop\국비7월\Java\eclipse;
USERNAME=hyeon
OS=Windows_NT
PROCESSOR_IDENTIFIER=Intel64 Family 6 Model 142 Stepping 9, GenuineIntel



---------------  S Y S T E M  ---------------

OS:
 Windows 10 , 64 bit Build 19041 (10.0.19041.1023)
OS uptime: 0 days 21:48 hours

CPU: total 4 (initial active 4) (2 cores per cpu, 2 threads per core) family 6 model 142 stepping 9 microcode 0xb4, cx8, cmov, fxsr, ht, mmx, 3dnowpref, sse, sse2, sse3, ssse3, sse4.1, sse4.2, popcnt, lzcnt, tsc, tscinvbit, avx, avx2, aes, erms, clmul, bmi1, bmi2, adx, fma, vzeroupper, clflush, clflushopt

Memory: 4k page, system-wide physical 4010M (360M free)
TotalPageFile size 16298M (AvailPageFile size 1187M)
current process WorkingSet (physical memory assigned to process): 38M, peak: 38M
current process commit charge ("private bytes"): 132M, peak: 132M

vm_info: OpenJDK 64-Bit Server VM (16.0.1+9-24) for windows-amd64 JRE (16.0.1+9-24), built on Mar 26 2021 19:30:07 by "mach5one" with MS VC++ 16.7 (VS2019)

END.
