#
# A fatal error has been detected by the Java Runtime Environment:
#
#  EXCEPTION_UNCAUGHT_CXX_EXCEPTION (0xe06d7363) at pc=0x00007ffe5f2b4ed9, pid=16776, tid=22188
#
# JRE version:  (16.0.1+9) (build )
# Java VM: OpenJDK 64-Bit Server VM (16.0.1+9-24, mixed mode, tiered, compressed oops, compressed class ptrs, g1 gc, windows-amd64)
# Problematic frame:
# C  [KERNELBASE.dll+0x34ed9]
#
# No core dump will be written. Minidumps are not enabled by default on client versions of Windows
#
#

---------------  S U M M A R Y ------------

Command Line: -XX:+ShowCodeDetailsInExceptionMessages -agentlib:jdwp=transport=dt_socket,suspend=y,address=localhost:59941 -javaagent:C:\Users\hyeon\Desktop\국비7월\Java\eclipse\configuration\org.eclipse.osgi\415\0\.cp\lib\javaagent-shaded.jar -Dfile.encoding=MS949 --module-path=C:\Users\hyeon\Desktop\국비7월\Java\java-workspace\day09_method\bin -Djdk.module.main=day09_method day09_method/day09_method.Ex05

Host: Intel(R) Core(TM) i3-7020U CPU @ 2.30GHz, 4 cores, 3G,  Windows 10 , 64 bit Build 19041 (10.0.19041.1023)
Time: Wed Aug  4 12:47:59 2021  Windows 10 , 64 bit Build 19041 (10.0.19041.1023) elapsed time: 2.400503 seconds (0d 0h 0m 2s)

---------------  T H R E A D  ---------------

Current thread (0x0000028118ecef50):  JavaThread "Unknown thread" [_thread_in_vm, id=22188, stack(0x000000845a200000,0x000000845a300000)]

Stack: [0x000000845a200000,0x000000845a300000],  sp=0x000000845a2fecf0,  free space=1019k
Native frames: (J=compiled Java code, j=interpreted, Vv=VM code, C=native code)
C  [KERNELBASE.dll+0x34ed9]
